#
# There is insufficient memory for the Java Runtime Environment to continue.
# Native memory allocation (mmap) failed to map 62914560 bytes for G1 virtual space
# Possible reasons:
#   The system is out of physical RAM or swap space
#   The process is running with CompressedOops enabled, and the Java Heap may be blocking the growth of the native heap
# Possible solutions:
#   Reduce memory load on the system
#   Increase physical memory or swap space
#   Check if swap backing store is full
#   Decrease Java heap size (-Xmx/-Xms)
#   Decrease number of Java threads
#   Decrease Java thread stack sizes (-Xss)
#   Set larger code cache with -XX:ReservedCodeCacheSize=
#   JVM is running with Zero Based Compressed Oops mode in which the Java heap is
#     placed in the first 32GB address space. The Java Heap base address is the
#     maximum limit for the native heap growth. Please use -XX:HeapBaseMinAddress
#     to set the Java Heap base and to place the Java Heap above 32GB virtual address.
# This output file may be truncated or incomplete.
#
#  Out of Memory Error (os_windows.cpp:3469), pid=14832, tid=16488
#
# JRE version: OpenJDK Runtime Environment Temurin-17.0.1+12 (17.0.1+12) (build 17.0.1+12)
# Java VM: OpenJDK 64-Bit Server VM Temurin-17.0.1+12 (17.0.1+12, mixed mode, tiered, compressed oops, compressed class ptrs, g1 gc, windows-amd64)
# No core dump will be written. Minidumps are not enabled by default on client versions of Windows
#

---------------  S U M M A R Y ------------

Command Line: -Xmx4000M -Dfile.encoding=Cp1252 -XX:+ShowCodeDetailsInExceptionMessages -Djava.net.preferIPv4Stack=true project.Client

Host: Intel(R) Core(TM) M-5Y10c CPU @ 0.80GHz, 4 cores, 3G,  Windows 10 , 64 bit Build 17134 (10.0.17134.1)
Time: Sat Jun 11 00:16:12 2022 Pakistan Standard Time elapsed time: 115.189539 seconds (0d 0h 1m 55s)

---------------  T H R E A D  ---------------

Current thread (0x000001cb7f78e7b0):  VMThread "VM Thread" [stack: 0x000000b7de600000,0x000000b7de700000] [id=16488]

Stack: [0x000000b7de600000,0x000000b7de700000]
Native frames: (J=compiled Java code, j=interpreted, Vv=VM code, C=native code)
V  [jvm.dll+0x6744da]
V  [jvm.dll+0x82e144]
V  [jvm.dll+0x82f8ee]
V  [jvm.dll+0x82ff53]
V  [jvm.dll+0x245175]
V  [jvm.dll+0x6714c9]
V  [jvm.dll+0x665f92]
V  [jvm.dll+0x303c3b]
V  [jvm.dll+0x30b176]
V  [jvm.dll+0x35af1e]
V  [jvm.dll+0x35b14f]
V  [jvm.dll+0x2dab78]
V  [jvm.dll+0x2ddc06]
V  [jvm.dll+0x2e82b8]
V  [jvm.dll+0x31c460]
V  [jvm.dll+0x8343bb]
V  [jvm.dll+0x8350f4]
V  [jvm.dll+0x83560c]
V  [jvm.dll+0x8359e4]
V  [jvm.dll+0x835ab0]
V  [jvm.dll+0x7de51a]
V  [jvm.dll+0x673305]
C  [ucrtbase.dll+0x1c1ae]
C  [KERNEL32.DLL+0x13034]
C  [ntdll.dll+0x71551]

VM_Operation (0x000000b7de2ff4c0): G1Concurrent, mode: safepoint, requested by thread 0x000001cb7dadfcc0


---------------  P R O C E S S  ---------------

Threads class SMR info:
_java_thread_list=0x000001cb1d879110, length=20, elements={
0x000001cb7da7e870, 0x000001cb7f772d60, 0x000001cb7f7739f0, 0x000001cb7f7b8720,
0x000001cb7f7b9c00, 0x000001cb7f7bb500, 0x000001cb7f7d9500, 0x000001cb7f7da120,
0x000001cb7f7daa50, 0x000001cb1cc75f90, 0x000001cb1cd70a00, 0x000001cb1cd69ce0,
0x000001cb1d160040, 0x000001cb1cffd2e0, 0x000001cb1cffd7b0, 0x000001cb1d1d40b0,
0x000001cb1d22e210, 0x000001cb1d484870, 0x000001cb1d483530, 0x000001cb1d483a00
}

Java Threads: ( => current thread )
  0x000001cb7da7e870 JavaThread "main" [_thread_blocked, id=10036, stack(0x000000b7de000000,0x000000b7de100000)]
  0x000001cb7f772d60 JavaThread "Reference Handler" daemon [_thread_blocked, id=7508, stack(0x000000b7de700000,0x000000b7de800000)]
  0x000001cb7f7739f0 JavaThread "Finalizer" daemon [_thread_blocked, id=13956, stack(0x000000b7de800000,0x000000b7de900000)]
  0x000001cb7f7b8720 JavaThread "Signal Dispatcher" daemon [_thread_blocked, id=12496, stack(0x000000b7de900000,0x000000b7dea00000)]
  0x000001cb7f7b9c00 JavaThread "Attach Listener" daemon [_thread_blocked, id=8596, stack(0x000000b7dea00000,0x000000b7deb00000)]
  0x000001cb7f7bb500 JavaThread "Service Thread" daemon [_thread_blocked, id=10696, stack(0x000000b7deb00000,0x000000b7dec00000)]
  0x000001cb7f7d9500 JavaThread "Monitor Deflation Thread" daemon [_thread_blocked, id=10484, stack(0x000000b7dec00000,0x000000b7ded00000)]
  0x000001cb7f7da120 JavaThread "C2 CompilerThread0" daemon [_thread_blocked, id=6936, stack(0x000000b7ded00000,0x000000b7dee00000)]
  0x000001cb7f7daa50 JavaThread "C1 CompilerThread0" daemon [_thread_blocked, id=11832, stack(0x000000b7dee00000,0x000000b7def00000)]
  0x000001cb1cc75f90 JavaThread "Sweeper thread" daemon [_thread_blocked, id=13656, stack(0x000000b7def00000,0x000000b7df000000)]
  0x000001cb1cd70a00 JavaThread "Notification Thread" daemon [_thread_blocked, id=12140, stack(0x000000b7df000000,0x000000b7df100000)]
  0x000001cb1cd69ce0 JavaThread "Common-Cleaner" daemon [_thread_blocked, id=10388, stack(0x000000b7df200000,0x000000b7df300000)]
  0x000001cb1d160040 JavaThread "Java2D Disposer" daemon [_thread_blocked, id=2668, stack(0x000000b7df300000,0x000000b7df400000)]
  0x000001cb1cffd2e0 JavaThread "AWT-Shutdown" [_thread_blocked, id=1032, stack(0x000000b7df400000,0x000000b7df500000)]
  0x000001cb1cffd7b0 JavaThread "AWT-Windows" daemon [_thread_in_native, id=12628, stack(0x000000b7df500000,0x000000b7df600000)]
  0x000001cb1d1d40b0 JavaThread "AWT-EventQueue-0" [_thread_blocked, id=3040, stack(0x000000b7df600000,0x000000b7df700000)]
  0x000001cb1d22e210 JavaThread "atomic-processor-1" daemon [_thread_blocked, id=1148, stack(0x000000b7df800000,0x000000b7df900000)]
  0x000001cb1d484870 JavaThread "webcam-discovery-service" daemon [_thread_blocked, id=12948, stack(0x000000b7df700000,0x000000b7df800000)]
  0x000001cb1d483530 JavaThread "webcam-lock-[USB Camera 0]" daemon [_thread_blocked, id=14752, stack(0x000000b7df900000,0x000000b7dfa00000)]
  0x000001cb1d483a00 JavaThread "frames-refresher-[0]" daemon [_thread_blocked, id=14696, stack(0x000000b7dfe00000,0x000000b7dff00000)]

Other Threads:
=>0x000001cb7f78e7b0 VMThread "VM Thread" [stack: 0x000000b7de600000,0x000000b7de700000] [id=16488]
  0x000001cb1cd69a50 WatcherThread [stack: 0x000000b7df100000,0x000000b7df200000] [id=12516]
  0x000001cb7dacf470 GCTaskThread "GC Thread#0" [stack: 0x000000b7de100000,0x000000b7de200000] [id=13164]
  0x000001cb1d8efbf0 GCTaskThread "GC Thread#1" [stack: 0x000000b7dff00000,0x000000b7e0000000] [id=11552]
  0x000001cb1d8efea0 GCTaskThread "GC Thread#2" [stack: 0x000000b7e0000000,0x000000b7e0100000] [id=15452]
  0x000001cb1d8f0150 GCTaskThread "GC Thread#3" [stack: 0x000000b7e0100000,0x000000b7e0200000] [id=16836]
  0x000001cb7dadfcc0 ConcurrentGCThread "G1 Main Marker" [stack: 0x000000b7de200000,0x000000b7de300000] [id=8824]
  0x000001cb7dae22f0 ConcurrentGCThread "G1 Conc#0" [stack: 0x000000b7de300000,0x000000b7de400000] [id=808]
  0x000001cb7db35690 ConcurrentGCThread "G1 Refine#0" [stack: 0x000000b7de400000,0x000000b7de500000] [id=9572]
  0x000001cb7db35fc0 ConcurrentGCThread "G1 Service" [stack: 0x000000b7de500000,0x000000b7de600000] [id=7932]

Threads with active compile tasks:

VM state: at safepoint (normal execution)

VM Mutex/Monitor currently owned by a thread:  ([mutex/lock_event])
[0x000001cb7b9db1f0] Threads_lock - owner thread: 0x000001cb7f78e7b0
[0x000001cb7b9da350] Heap_lock - owner thread: 0x000001cb7dadfcc0

Heap address: 0x0000000706000000, size: 4000 MB, Compressed Oops mode: Zero based, Oop shift amount: 3

CDS archive(s) not mapped
Compressed class space mapped at: 0x0000000800000000-0x0000000840000000, reserved size: 1073741824
Narrow klass base: 0x0000000800000000, Narrow klass shift: 0, Narrow klass range: 0x40000000

GC Precious Log:
 CPUs: 4 total, 4 available
 Memory: 4011M
 Large Page Support: Disabled
 NUMA Support: Disabled
 Compressed Oops: Enabled (Zero based)
 Heap Region Size: 2M
 Heap Min Capacity: 8M
 Heap Initial Capacity: 64M
 Heap Max Capacity: 4000M
 Pre-touch: Disabled
 Parallel Workers: 4
 Concurrent Workers: 1
 Concurrent Refinement Workers: 4
 Periodic GC: Disabled

Heap:
 garbage-first heap   total 526336K, used 348556K [0x0000000706000000, 0x0000000800000000)
  region size 2048K, 7 young (14336K), 6 survivors (12288K)
 Metaspace       used 17545K, committed 17728K, reserved 1064960K
  class space    used 1714K, committed 1792K, reserved 1048576K

Heap Regions: E=young(eden), S=young(survivor), O=old, HS=humongous(starts), HC=humongous(continues), CS=collection set, F=free, OA=open archive, CA=closed archive, TAMS=top-at-mark-start (previous, next)
|   0|0x0000000706000000, 0x0000000706200000, 0x0000000706200000|100%| O|  |TAMS 0x0000000706200000, 0x0000000706000000| Untracked 
|   1|0x0000000706200000, 0x0000000706400000, 0x0000000706400000|100%| O|  |TAMS 0x0000000706400000, 0x0000000706200000| Untracked 
|   2|0x0000000706400000, 0x0000000706600000, 0x0000000706600000|100%| O|  |TAMS 0x0000000706600000, 0x0000000706400000| Untracked 
|   3|0x0000000706600000, 0x0000000706800000, 0x0000000706800000|100%| O|  |TAMS 0x0000000706800000, 0x0000000706600000| Untracked 
|   4|0x0000000706800000, 0x0000000706a00000, 0x0000000706a00000|100%| O|  |TAMS 0x0000000706a00000, 0x0000000706800000| Untracked 
|   5|0x0000000706a00000, 0x0000000706c00000, 0x0000000706c00000|100%| O|  |TAMS 0x0000000706c00000, 0x0000000706a00000| Untracked 
|   6|0x0000000706c00000, 0x0000000706e00000, 0x0000000706e00000|100%| O|  |TAMS 0x0000000706e00000, 0x0000000706c00000| Untracked 
|   7|0x0000000706e00000, 0x0000000707000000, 0x0000000707000000|100%| O|  |TAMS 0x0000000707000000, 0x0000000706e00000| Untracked 
|   8|0x0000000707000000, 0x0000000707200000, 0x0000000707200000|100%| O|  |TAMS 0x0000000707200000, 0x0000000707000000| Untracked 
|   9|0x0000000707200000, 0x0000000707400000, 0x0000000707400000|100%| O|  |TAMS 0x0000000707400000, 0x0000000707200000| Untracked 
|  10|0x0000000707400000, 0x0000000707600000, 0x0000000707600000|100%| O|  |TAMS 0x0000000707600000, 0x0000000707400000| Untracked 
|  11|0x0000000707600000, 0x0000000707800000, 0x0000000707800000|100%| O|  |TAMS 0x0000000707800000, 0x0000000707600000| Untracked 
|  12|0x0000000707800000, 0x0000000707a00000, 0x0000000707a00000|100%| O|  |TAMS 0x0000000707a00000, 0x0000000707800000| Untracked 
|  13|0x0000000707a00000, 0x0000000707c00000, 0x0000000707c00000|100%| O|  |TAMS 0x0000000707c00000, 0x0000000707a00000| Untracked 
|  14|0x0000000707c00000, 0x0000000707e00000, 0x0000000707e00000|100%| O|  |TAMS 0x0000000707e00000, 0x0000000707c00000| Untracked 
|  15|0x0000000707e00000, 0x0000000708000000, 0x0000000708000000|100%| O|  |TAMS 0x0000000708000000, 0x0000000707e00000| Untracked 
|  16|0x0000000708000000, 0x0000000708200000, 0x0000000708200000|100%| O|  |TAMS 0x0000000708200000, 0x0000000708000000| Untracked 
|  17|0x0000000708200000, 0x0000000708400000, 0x0000000708400000|100%| O|  |TAMS 0x0000000708400000, 0x0000000708200000| Untracked 
|  18|0x0000000708400000, 0x0000000708600000, 0x0000000708600000|100%| O|  |TAMS 0x0000000708600000, 0x0000000708400000| Untracked 
|  19|0x0000000708600000, 0x0000000708800000, 0x0000000708800000|100%| O|  |TAMS 0x0000000708800000, 0x0000000708600000| Untracked 
|  20|0x0000000708800000, 0x0000000708a00000, 0x0000000708a00000|100%| O|  |TAMS 0x0000000708a00000, 0x0000000708800000| Untracked 
|  21|0x0000000708a00000, 0x0000000708c00000, 0x0000000708c00000|100%| O|  |TAMS 0x0000000708c00000, 0x0000000708a00000| Untracked 
|  22|0x0000000708c00000, 0x0000000708e00000, 0x0000000708e00000|100%| O|  |TAMS 0x0000000708e00000, 0x0000000708c00000| Untracked 
|  23|0x0000000708e00000, 0x0000000709000000, 0x0000000709000000|100%| O|  |TAMS 0x0000000709000000, 0x0000000708e00000| Untracked 
|  24|0x0000000709000000, 0x0000000709200000, 0x0000000709200000|100%| O|  |TAMS 0x0000000709200000, 0x0000000709000000| Untracked 
|  25|0x0000000709200000, 0x0000000709400000, 0x0000000709400000|100%| O|  |TAMS 0x0000000709400000, 0x0000000709200000| Untracked 
|  26|0x0000000709400000, 0x0000000709600000, 0x0000000709600000|100%| O|  |TAMS 0x0000000709600000, 0x0000000709400000| Untracked 
|  27|0x0000000709600000, 0x0000000709800000, 0x0000000709800000|100%| O|  |TAMS 0x0000000709800000, 0x0000000709600000| Untracked 
|  28|0x0000000709800000, 0x0000000709a00000, 0x0000000709a00000|100%| O|  |TAMS 0x0000000709a00000, 0x0000000709800000| Untracked 
|  29|0x0000000709a00000, 0x0000000709c00000, 0x0000000709c00000|100%| O|  |TAMS 0x0000000709c00000, 0x0000000709a00000| Untracked 
|  30|0x0000000709c00000, 0x0000000709e00000, 0x0000000709e00000|100%| O|  |TAMS 0x0000000709e00000, 0x0000000709c00000| Untracked 
|  31|0x0000000709e00000, 0x000000070a000000, 0x000000070a000000|100%| O|  |TAMS 0x000000070a000000, 0x0000000709e00000| Untracked 
|  32|0x000000070a000000, 0x000000070a200000, 0x000000070a200000|100%| O|  |TAMS 0x000000070a200000, 0x000000070a000000| Untracked 
|  33|0x000000070a200000, 0x000000070a400000, 0x000000070a400000|100%| O|  |TAMS 0x000000070a400000, 0x000000070a200000| Untracked 
|  34|0x000000070a400000, 0x000000070a600000, 0x000000070a600000|100%| O|  |TAMS 0x000000070a600000, 0x000000070a400000| Untracked 
|  35|0x000000070a600000, 0x000000070a800000, 0x000000070a800000|100%| O|  |TAMS 0x000000070a800000, 0x000000070a600000| Untracked 
|  36|0x000000070a800000, 0x000000070aa00000, 0x000000070aa00000|100%| O|  |TAMS 0x000000070aa00000, 0x000000070a800000| Untracked 
|  37|0x000000070aa00000, 0x000000070ac00000, 0x000000070ac00000|100%| O|  |TAMS 0x000000070ac00000, 0x000000070aa00000| Untracked 
|  38|0x000000070ac00000, 0x000000070ae00000, 0x000000070ae00000|100%| O|  |TAMS 0x000000070ae00000, 0x000000070ac00000| Untracked 
|  39|0x000000070ae00000, 0x000000070b000000, 0x000000070b000000|100%| O|  |TAMS 0x000000070b000000, 0x000000070ae00000| Untracked 
|  40|0x000000070b000000, 0x000000070b200000, 0x000000070b200000|100%| O|  |TAMS 0x000000070b200000, 0x000000070b000000| Untracked 
|  41|0x000000070b200000, 0x000000070b400000, 0x000000070b400000|100%| O|  |TAMS 0x000000070b400000, 0x000000070b200000| Untracked 
|  42|0x000000070b400000, 0x000000070b600000, 0x000000070b600000|100%| O|  |TAMS 0x000000070b600000, 0x000000070b400000| Untracked 
|  43|0x000000070b600000, 0x000000070b800000, 0x000000070b800000|100%| O|  |TAMS 0x000000070b800000, 0x000000070b600000| Untracked 
|  44|0x000000070b800000, 0x000000070ba00000, 0x000000070ba00000|100%| O|  |TAMS 0x000000070ba00000, 0x000000070b800000| Untracked 
|  45|0x000000070ba00000, 0x000000070bc00000, 0x000000070bc00000|100%| O|  |TAMS 0x000000070bc00000, 0x000000070ba00000| Untracked 
|  46|0x000000070bc00000, 0x000000070be00000, 0x000000070be00000|100%| O|  |TAMS 0x000000070be00000, 0x000000070bc00000| Untracked 
|  47|0x000000070be00000, 0x000000070c000000, 0x000000070c000000|100%| O|  |TAMS 0x000000070c000000, 0x000000070be00000| Untracked 
|  48|0x000000070c000000, 0x000000070c200000, 0x000000070c200000|100%| O|  |TAMS 0x000000070c200000, 0x000000070c000000| Untracked 
|  49|0x000000070c200000, 0x000000070c400000, 0x000000070c400000|100%| O|  |TAMS 0x000000070c400000, 0x000000070c200000| Untracked 
|  50|0x000000070c400000, 0x000000070c600000, 0x000000070c600000|100%| O|  |TAMS 0x000000070c600000, 0x000000070c400000| Untracked 
|  51|0x000000070c600000, 0x000000070c800000, 0x000000070c800000|100%| O|  |TAMS 0x000000070c800000, 0x000000070c600000| Untracked 
|  52|0x000000070c800000, 0x000000070ca00000, 0x000000070ca00000|100%| O|  |TAMS 0x000000070ca00000, 0x000000070c800000| Untracked 
|  53|0x000000070ca00000, 0x000000070cc00000, 0x000000070cc00000|100%| O|  |TAMS 0x000000070cc00000, 0x000000070ca00000| Untracked 
|  54|0x000000070cc00000, 0x000000070ce00000, 0x000000070ce00000|100%| O|  |TAMS 0x000000070ce00000, 0x000000070cc00000| Untracked 
|  55|0x000000070ce00000, 0x000000070d000000, 0x000000070d000000|100%| O|  |TAMS 0x000000070d000000, 0x000000070ce00000| Untracked 
|  56|0x000000070d000000, 0x000000070d200000, 0x000000070d200000|100%| O|  |TAMS 0x000000070d200000, 0x000000070d000000| Untracked 
|  57|0x000000070d200000, 0x000000070d400000, 0x000000070d400000|100%| O|  |TAMS 0x000000070d400000, 0x000000070d200000| Untracked 
|  58|0x000000070d400000, 0x000000070d600000, 0x000000070d600000|100%| O|  |TAMS 0x000000070d600000, 0x000000070d400000| Untracked 
|  59|0x000000070d600000, 0x000000070d800000, 0x000000070d800000|100%| O|  |TAMS 0x000000070d800000, 0x000000070d600000| Untracked 
|  60|0x000000070d800000, 0x000000070da00000, 0x000000070da00000|100%| O|  |TAMS 0x000000070da00000, 0x000000070d800000| Untracked 
|  61|0x000000070da00000, 0x000000070dc00000, 0x000000070dc00000|100%| O|  |TAMS 0x000000070dc00000, 0x000000070da00000| Untracked 
|  62|0x000000070dc00000, 0x000000070de00000, 0x000000070de00000|100%| O|  |TAMS 0x000000070de00000, 0x000000070dc00000| Untracked 
|  63|0x000000070de00000, 0x000000070e000000, 0x000000070e000000|100%| O|  |TAMS 0x000000070e000000, 0x000000070de00000| Untracked 
|  64|0x000000070e000000, 0x000000070e200000, 0x000000070e200000|100%| O|  |TAMS 0x000000070e200000, 0x000000070e000000| Untracked 
|  65|0x000000070e200000, 0x000000070e400000, 0x000000070e400000|100%| O|  |TAMS 0x000000070e400000, 0x000000070e200000| Untracked 
|  66|0x000000070e400000, 0x000000070e600000, 0x000000070e600000|100%| O|  |TAMS 0x000000070e600000, 0x000000070e400000| Untracked 
|  67|0x000000070e600000, 0x000000070e800000, 0x000000070e800000|100%| O|  |TAMS 0x000000070e800000, 0x000000070e600000| Untracked 
|  68|0x000000070e800000, 0x000000070ea00000, 0x000000070ea00000|100%| O|  |TAMS 0x000000070ea00000, 0x000000070e800000| Untracked 
|  69|0x000000070ea00000, 0x000000070ec00000, 0x000000070ec00000|100%| O|  |TAMS 0x000000070ec00000, 0x000000070ea00000| Untracked 
|  70|0x000000070ec00000, 0x000000070ee00000, 0x000000070ee00000|100%| O|  |TAMS 0x000000070ee00000, 0x000000070ec00000| Untracked 
|  71|0x000000070ee00000, 0x000000070f000000, 0x000000070f000000|100%| O|  |TAMS 0x000000070f000000, 0x000000070ee00000| Untracked 
|  72|0x000000070f000000, 0x000000070f200000, 0x000000070f200000|100%| O|  |TAMS 0x000000070f200000, 0x000000070f000000| Untracked 
|  73|0x000000070f200000, 0x000000070f400000, 0x000000070f400000|100%| O|  |TAMS 0x000000070f400000, 0x000000070f200000| Untracked 
|  74|0x000000070f400000, 0x000000070f600000, 0x000000070f600000|100%| O|  |TAMS 0x000000070f600000, 0x000000070f400000| Untracked 
|  75|0x000000070f600000, 0x000000070f800000, 0x000000070f800000|100%| O|  |TAMS 0x000000070f800000, 0x000000070f600000| Untracked 
|  76|0x000000070f800000, 0x000000070fa00000, 0x000000070fa00000|100%| O|  |TAMS 0x000000070fa00000, 0x000000070f800000| Untracked 
|  77|0x000000070fa00000, 0x000000070fc00000, 0x000000070fc00000|100%| O|  |TAMS 0x000000070fc00000, 0x000000070fa00000| Untracked 
|  78|0x000000070fc00000, 0x000000070fe00000, 0x000000070fe00000|100%| O|  |TAMS 0x000000070fe00000, 0x000000070fc00000| Untracked 
|  79|0x000000070fe00000, 0x0000000710000000, 0x0000000710000000|100%| O|  |TAMS 0x0000000710000000, 0x000000070fe00000| Untracked 
|  80|0x0000000710000000, 0x0000000710200000, 0x0000000710200000|100%| O|  |TAMS 0x0000000710200000, 0x0000000710000000| Untracked 
|  81|0x0000000710200000, 0x0000000710400000, 0x0000000710400000|100%| O|  |TAMS 0x0000000710400000, 0x0000000710200000| Untracked 
|  82|0x0000000710400000, 0x0000000710600000, 0x0000000710600000|100%| O|  |TAMS 0x0000000710600000, 0x0000000710400000| Untracked 
|  83|0x0000000710600000, 0x0000000710800000, 0x0000000710800000|100%| O|  |TAMS 0x0000000710800000, 0x0000000710600000| Untracked 
|  84|0x0000000710800000, 0x0000000710a00000, 0x0000000710a00000|100%| O|  |TAMS 0x0000000710a00000, 0x0000000710800000| Untracked 
|  85|0x0000000710a00000, 0x0000000710c00000, 0x0000000710c00000|100%| O|  |TAMS 0x0000000710c00000, 0x0000000710a00000| Untracked 
|  86|0x0000000710c00000, 0x0000000710e00000, 0x0000000710e00000|100%| O|  |TAMS 0x0000000710e00000, 0x0000000710c00000| Untracked 
|  87|0x0000000710e00000, 0x0000000711000000, 0x0000000711000000|100%| O|  |TAMS 0x0000000711000000, 0x0000000710e00000| Untracked 
|  88|0x0000000711000000, 0x0000000711200000, 0x0000000711200000|100%| O|  |TAMS 0x0000000711200000, 0x0000000711000000| Untracked 
|  89|0x0000000711200000, 0x0000000711400000, 0x0000000711400000|100%| O|  |TAMS 0x0000000711400000, 0x0000000711200000| Untracked 
|  90|0x0000000711400000, 0x0000000711600000, 0x0000000711600000|100%| O|  |TAMS 0x0000000711600000, 0x0000000711400000| Untracked 
|  91|0x0000000711600000, 0x0000000711800000, 0x0000000711800000|100%| O|  |TAMS 0x0000000711800000, 0x0000000711600000| Untracked 
|  92|0x0000000711800000, 0x0000000711a00000, 0x0000000711a00000|100%| O|  |TAMS 0x0000000711a00000, 0x0000000711800000| Untracked 
|  93|0x0000000711a00000, 0x0000000711c00000, 0x0000000711c00000|100%| O|  |TAMS 0x0000000711c00000, 0x0000000711a00000| Untracked 
|  94|0x0000000711c00000, 0x0000000711e00000, 0x0000000711e00000|100%| O|  |TAMS 0x0000000711e00000, 0x0000000711c00000| Untracked 
|  95|0x0000000711e00000, 0x0000000712000000, 0x0000000712000000|100%| O|  |TAMS 0x0000000712000000, 0x0000000711e00000| Untracked 
|  96|0x0000000712000000, 0x0000000712200000, 0x0000000712200000|100%| O|  |TAMS 0x0000000712200000, 0x0000000712000000| Untracked 
|  97|0x0000000712200000, 0x0000000712400000, 0x0000000712400000|100%| O|  |TAMS 0x0000000712400000, 0x0000000712200000| Untracked 
|  98|0x0000000712400000, 0x0000000712600000, 0x0000000712600000|100%| O|  |TAMS 0x0000000712600000, 0x0000000712400000| Untracked 
|  99|0x0000000712600000, 0x0000000712800000, 0x0000000712800000|100%| O|  |TAMS 0x0000000712800000, 0x0000000712600000| Untracked 
| 100|0x0000000712800000, 0x0000000712a00000, 0x0000000712a00000|100%| O|  |TAMS 0x0000000712a00000, 0x0000000712800000| Untracked 
| 101|0x0000000712a00000, 0x0000000712c00000, 0x0000000712c00000|100%| O|  |TAMS 0x0000000712c00000, 0x0000000712a00000| Untracked 
| 102|0x0000000712c00000, 0x0000000712e00000, 0x0000000712e00000|100%| O|  |TAMS 0x0000000712e00000, 0x0000000712c00000| Untracked 
| 103|0x0000000712e00000, 0x0000000713000000, 0x0000000713000000|100%| O|  |TAMS 0x0000000713000000, 0x0000000712e00000| Untracked 
| 104|0x0000000713000000, 0x0000000713200000, 0x0000000713200000|100%| O|  |TAMS 0x0000000713200000, 0x0000000713000000| Untracked 
| 105|0x0000000713200000, 0x0000000713400000, 0x0000000713400000|100%| O|  |TAMS 0x0000000713400000, 0x0000000713200000| Untracked 
| 106|0x0000000713400000, 0x0000000713600000, 0x0000000713600000|100%| O|  |TAMS 0x0000000713600000, 0x0000000713400000| Untracked 
| 107|0x0000000713600000, 0x0000000713800000, 0x0000000713800000|100%| O|  |TAMS 0x0000000713800000, 0x0000000713600000| Untracked 
| 108|0x0000000713800000, 0x0000000713a00000, 0x0000000713a00000|100%| O|  |TAMS 0x0000000713a00000, 0x0000000713800000| Untracked 
| 109|0x0000000713a00000, 0x0000000713c00000, 0x0000000713c00000|100%| O|  |TAMS 0x0000000713c00000, 0x0000000713a00000| Untracked 
| 110|0x0000000713c00000, 0x0000000713e00000, 0x0000000713e00000|100%| O|  |TAMS 0x0000000713e00000, 0x0000000713c00000| Untracked 
| 111|0x0000000713e00000, 0x0000000714000000, 0x0000000714000000|100%| O|  |TAMS 0x0000000714000000, 0x0000000713e00000| Untracked 
| 112|0x0000000714000000, 0x0000000714200000, 0x0000000714200000|100%| O|  |TAMS 0x0000000714200000, 0x0000000714000000| Untracked 
| 113|0x0000000714200000, 0x0000000714400000, 0x0000000714400000|100%| O|  |TAMS 0x0000000714400000, 0x0000000714200000| Untracked 
| 114|0x0000000714400000, 0x0000000714600000, 0x0000000714600000|100%| O|  |TAMS 0x0000000714600000, 0x0000000714400000| Untracked 
| 115|0x0000000714600000, 0x0000000714800000, 0x0000000714800000|100%| O|  |TAMS 0x0000000714800000, 0x0000000714600000| Untracked 
| 116|0x0000000714800000, 0x0000000714a00000, 0x0000000714a00000|100%| O|  |TAMS 0x0000000714a00000, 0x0000000714800000| Untracked 
| 117|0x0000000714a00000, 0x0000000714c00000, 0x0000000714c00000|100%| O|  |TAMS 0x0000000714c00000, 0x0000000714a00000| Untracked 
| 118|0x0000000714c00000, 0x0000000714e00000, 0x0000000714e00000|100%| O|  |TAMS 0x0000000714e00000, 0x0000000714c00000| Untracked 
| 119|0x0000000714e00000, 0x0000000715000000, 0x0000000715000000|100%| O|  |TAMS 0x0000000715000000, 0x0000000714e00000| Untracked 
| 120|0x0000000715000000, 0x0000000715200000, 0x0000000715200000|100%| O|  |TAMS 0x0000000715200000, 0x0000000715000000| Untracked 
| 121|0x0000000715200000, 0x0000000715400000, 0x0000000715400000|100%| O|  |TAMS 0x0000000715400000, 0x0000000715200000| Untracked 
| 122|0x0000000715400000, 0x0000000715600000, 0x0000000715600000|100%| O|  |TAMS 0x0000000715600000, 0x0000000715400000| Untracked 
| 123|0x0000000715600000, 0x0000000715800000, 0x0000000715800000|100%| O|  |TAMS 0x0000000715800000, 0x0000000715600000| Untracked 
| 124|0x0000000715800000, 0x0000000715a00000, 0x0000000715a00000|100%| O|  |TAMS 0x0000000715a00000, 0x0000000715800000| Untracked 
| 125|0x0000000715a00000, 0x0000000715c00000, 0x0000000715c00000|100%| O|  |TAMS 0x0000000715c00000, 0x0000000715a00000| Untracked 
| 126|0x0000000715c00000, 0x0000000715e00000, 0x0000000715e00000|100%| O|  |TAMS 0x0000000715e00000, 0x0000000715c00000| Untracked 
| 127|0x0000000715e00000, 0x0000000716000000, 0x0000000716000000|100%| O|  |TAMS 0x0000000716000000, 0x0000000715e00000| Untracked 
| 128|0x0000000716000000, 0x0000000716200000, 0x0000000716200000|100%| O|  |TAMS 0x0000000716200000, 0x0000000716000000| Untracked 
| 129|0x0000000716200000, 0x0000000716400000, 0x0000000716400000|100%| O|  |TAMS 0x0000000716400000, 0x0000000716200000| Untracked 
| 130|0x0000000716400000, 0x0000000716600000, 0x0000000716600000|100%| O|  |TAMS 0x0000000716600000, 0x0000000716400000| Untracked 
| 131|0x0000000716600000, 0x0000000716800000, 0x0000000716800000|100%| O|  |TAMS 0x0000000716800000, 0x0000000716600000| Untracked 
| 132|0x0000000716800000, 0x0000000716a00000, 0x0000000716a00000|100%| O|  |TAMS 0x0000000716a00000, 0x0000000716800000| Untracked 
| 133|0x0000000716a00000, 0x0000000716c00000, 0x0000000716c00000|100%| O|  |TAMS 0x0000000716c00000, 0x0000000716a00000| Untracked 
| 134|0x0000000716c00000, 0x0000000716e00000, 0x0000000716e00000|100%| O|  |TAMS 0x0000000716e00000, 0x0000000716c00000| Untracked 
| 135|0x0000000716e00000, 0x0000000717000000, 0x0000000717000000|100%| O|  |TAMS 0x0000000717000000, 0x0000000716e00000| Untracked 
| 136|0x0000000717000000, 0x0000000717200000, 0x0000000717200000|100%| O|  |TAMS 0x0000000717200000, 0x0000000717000000| Untracked 
| 137|0x0000000717200000, 0x0000000717400000, 0x0000000717400000|100%| O|  |TAMS 0x0000000717400000, 0x0000000717200000| Untracked 
| 138|0x0000000717400000, 0x0000000717600000, 0x0000000717600000|100%| O|  |TAMS 0x0000000717600000, 0x0000000717400000| Untracked 
| 139|0x0000000717600000, 0x0000000717800000, 0x0000000717800000|100%| O|  |TAMS 0x0000000717800000, 0x0000000717600000| Untracked 
| 140|0x0000000717800000, 0x0000000717a00000, 0x0000000717a00000|100%| O|  |TAMS 0x0000000717a00000, 0x0000000717800000| Untracked 
| 141|0x0000000717a00000, 0x0000000717c00000, 0x0000000717c00000|100%| O|  |TAMS 0x0000000717c00000, 0x0000000717a00000| Untracked 
| 142|0x0000000717c00000, 0x0000000717e00000, 0x0000000717e00000|100%| O|  |TAMS 0x0000000717e00000, 0x0000000717c00000| Updating 
| 143|0x0000000717e00000, 0x0000000718000000, 0x0000000718000000|100%| O|  |TAMS 0x0000000718000000, 0x0000000717e00000| Untracked 
| 144|0x0000000718000000, 0x0000000718200000, 0x0000000718200000|100%| O|  |TAMS 0x0000000718200000, 0x0000000718000000| Untracked 
| 145|0x0000000718200000, 0x0000000718400000, 0x0000000718400000|100%| O|  |TAMS 0x0000000718400000, 0x0000000718200000| Untracked 
| 146|0x0000000718400000, 0x0000000718600000, 0x0000000718600000|100%| O|  |TAMS 0x0000000718600000, 0x0000000718400000| Untracked 
| 147|0x0000000718600000, 0x0000000718800000, 0x0000000718800000|100%| O|  |TAMS 0x0000000718800000, 0x0000000718600000| Untracked 
| 148|0x0000000718800000, 0x0000000718a00000, 0x0000000718a00000|100%| O|  |TAMS 0x0000000718a00000, 0x0000000718800000| Untracked 
| 149|0x0000000718a00000, 0x0000000718c00000, 0x0000000718c00000|100%| O|  |TAMS 0x0000000718c00000, 0x0000000718a00000| Untracked 
| 150|0x0000000718c00000, 0x0000000718e00000, 0x0000000718e00000|100%| O|  |TAMS 0x0000000718e00000, 0x0000000718c00000| Untracked 
| 151|0x0000000718e00000, 0x0000000719000000, 0x0000000719000000|100%| O|  |TAMS 0x0000000719000000, 0x0000000718e00000| Untracked 
| 152|0x0000000719000000, 0x0000000719200000, 0x0000000719200000|100%| O|  |TAMS 0x0000000719200000, 0x0000000719000000| Untracked 
| 153|0x0000000719200000, 0x0000000719400000, 0x0000000719400000|100%| O|  |TAMS 0x0000000719400000, 0x0000000719200000| Untracked 
| 154|0x0000000719400000, 0x0000000719600000, 0x0000000719600000|100%| O|  |TAMS 0x0000000719600000, 0x0000000719400000| Untracked 
| 155|0x0000000719600000, 0x0000000719800000, 0x0000000719800000|100%| O|  |TAMS 0x0000000719662800, 0x0000000719600000| Untracked 
| 156|0x0000000719800000, 0x0000000719a00000, 0x0000000719a00000|100%| O|  |TAMS 0x0000000719800000, 0x0000000719800000| Untracked 
| 157|0x0000000719a00000, 0x0000000719c00000, 0x0000000719c00000|100%| O|  |TAMS 0x0000000719a00000, 0x0000000719a00000| Untracked 
| 158|0x0000000719c00000, 0x0000000719e00000, 0x0000000719e00000|100%| O|  |TAMS 0x0000000719c00000, 0x0000000719c00000| Untracked 
| 159|0x0000000719e00000, 0x000000071a000000, 0x000000071a000000|100%| O|  |TAMS 0x0000000719e00000, 0x0000000719e00000| Untracked 
| 160|0x000000071a000000, 0x000000071a200000, 0x000000071a200000|100%| O|  |TAMS 0x000000071a000000, 0x000000071a000000| Untracked 
| 161|0x000000071a200000, 0x000000071a400000, 0x000000071a400000|100%| O|  |TAMS 0x000000071a200000, 0x000000071a200000| Untracked 
| 162|0x000000071a400000, 0x000000071a600000, 0x000000071a600000|100%| O|  |TAMS 0x000000071a400000, 0x000000071a400000| Untracked 
| 163|0x000000071a600000, 0x000000071a800000, 0x000000071a800000|100%| O|  |TAMS 0x000000071a600000, 0x000000071a600000| Untracked 
| 164|0x000000071a800000, 0x000000071a863000, 0x000000071aa00000| 19%| O|  |TAMS 0x000000071a800000, 0x000000071a800000| Updating 
| 165|0x000000071aa00000, 0x000000071aa00000, 0x000000071ac00000|  0%| F|  |TAMS 0x000000071aa00000, 0x000000071aa00000| Untracked 
| 166|0x000000071ac00000, 0x000000071ac00000, 0x000000071ae00000|  0%| F|  |TAMS 0x000000071ac00000, 0x000000071ac00000| Untracked 
| 167|0x000000071ae00000, 0x000000071ae00000, 0x000000071b000000|  0%| F|  |TAMS 0x000000071ae00000, 0x000000071ae00000| Untracked 
| 168|0x000000071b000000, 0x000000071b000000, 0x000000071b200000|  0%| F|  |TAMS 0x000000071b000000, 0x000000071b000000| Untracked 
| 169|0x000000071b200000, 0x000000071b200000, 0x000000071b400000|  0%| F|  |TAMS 0x000000071b200000, 0x000000071b200000| Untracked 
| 170|0x000000071b400000, 0x000000071b400000, 0x000000071b600000|  0%| F|  |TAMS 0x000000071b400000, 0x000000071b400000| Untracked 
| 171|0x000000071b600000, 0x000000071b600000, 0x000000071b800000|  0%| F|  |TAMS 0x000000071b600000, 0x000000071b600000| Untracked 
| 172|0x000000071b800000, 0x000000071b800000, 0x000000071ba00000|  0%| F|  |TAMS 0x000000071b800000, 0x000000071b800000| Untracked 
| 173|0x000000071ba00000, 0x000000071ba00000, 0x000000071bc00000|  0%| F|  |TAMS 0x000000071ba00000, 0x000000071ba00000| Untracked 
| 174|0x000000071bc00000, 0x000000071bc00000, 0x000000071be00000|  0%| F|  |TAMS 0x000000071bc00000, 0x000000071bc00000| Untracked 
| 175|0x000000071be00000, 0x000000071be00000, 0x000000071c000000|  0%| F|  |TAMS 0x000000071be00000, 0x000000071be00000| Untracked 
| 176|0x000000071c000000, 0x000000071c000000, 0x000000071c200000|  0%| F|  |TAMS 0x000000071c000000, 0x000000071c000000| Untracked 
| 177|0x000000071c200000, 0x000000071c200000, 0x000000071c400000|  0%| F|  |TAMS 0x000000071c200000, 0x000000071c200000| Untracked 
| 178|0x000000071c400000, 0x000000071c400000, 0x000000071c600000|  0%| F|  |TAMS 0x000000071c400000, 0x000000071c400000| Untracked 
| 179|0x000000071c600000, 0x000000071c600000, 0x000000071c800000|  0%| F|  |TAMS 0x000000071c600000, 0x000000071c600000| Untracked 
| 180|0x000000071c800000, 0x000000071c800000, 0x000000071ca00000|  0%| F|  |TAMS 0x000000071c800000, 0x000000071c800000| Untracked 
| 181|0x000000071ca00000, 0x000000071ca00000, 0x000000071cc00000|  0%| F|  |TAMS 0x000000071ca00000, 0x000000071ca00000| Untracked 
| 182|0x000000071cc00000, 0x000000071cc00000, 0x000000071ce00000|  0%| F|  |TAMS 0x000000071cc00000, 0x000000071cc00000| Untracked 
| 183|0x000000071ce00000, 0x000000071ce00000, 0x000000071d000000|  0%| F|  |TAMS 0x000000071ce00000, 0x000000071ce00000| Untracked 
| 184|0x000000071d000000, 0x000000071d000000, 0x000000071d200000|  0%| F|  |TAMS 0x000000071d000000, 0x000000071d000000| Untracked 
| 185|0x000000071d200000, 0x000000071d200000, 0x000000071d400000|  0%| F|  |TAMS 0x000000071d200000, 0x000000071d200000| Untracked 
| 186|0x000000071d400000, 0x000000071d400000, 0x000000071d600000|  0%| F|  |TAMS 0x000000071d400000, 0x000000071d400000| Untracked 
| 187|0x000000071d600000, 0x000000071d600000, 0x000000071d800000|  0%| F|  |TAMS 0x000000071d600000, 0x000000071d600000| Untracked 
| 188|0x000000071d800000, 0x000000071d800000, 0x000000071da00000|  0%| F|  |TAMS 0x000000071d800000, 0x000000071d800000| Untracked 
| 189|0x000000071da00000, 0x000000071da00000, 0x000000071dc00000|  0%| F|  |TAMS 0x000000071da00000, 0x000000071da00000| Untracked 
| 190|0x000000071dc00000, 0x000000071dc00000, 0x000000071de00000|  0%| F|  |TAMS 0x000000071dc00000, 0x000000071dc00000| Untracked 
| 191|0x000000071de00000, 0x000000071de00000, 0x000000071e000000|  0%| F|  |TAMS 0x000000071de00000, 0x000000071de00000| Untracked 
| 192|0x000000071e000000, 0x000000071e000000, 0x000000071e200000|  0%| F|  |TAMS 0x000000071e000000, 0x000000071e000000| Untracked 
| 193|0x000000071e200000, 0x000000071e200000, 0x000000071e400000|  0%| F|  |TAMS 0x000000071e200000, 0x000000071e200000| Untracked 
| 194|0x000000071e400000, 0x000000071e400000, 0x000000071e600000|  0%| F|  |TAMS 0x000000071e400000, 0x000000071e400000| Untracked 
| 195|0x000000071e600000, 0x000000071e600000, 0x000000071e800000|  0%| F|  |TAMS 0x000000071e600000, 0x000000071e600000| Untracked 
| 196|0x000000071e800000, 0x000000071e800000, 0x000000071ea00000|  0%| F|  |TAMS 0x000000071e800000, 0x000000071e800000| Untracked 
| 197|0x000000071ea00000, 0x000000071ea00000, 0x000000071ec00000|  0%| F|  |TAMS 0x000000071ea00000, 0x000000071ea00000| Untracked 
| 198|0x000000071ec00000, 0x000000071ec00000, 0x000000071ee00000|  0%| F|  |TAMS 0x000000071ec00000, 0x000000071ec00000| Untracked 
| 199|0x000000071ee00000, 0x000000071ee00000, 0x000000071f000000|  0%| F|  |TAMS 0x000000071ee00000, 0x000000071ee00000| Untracked 
| 200|0x000000071f000000, 0x000000071f000000, 0x000000071f200000|  0%| F|  |TAMS 0x000000071f000000, 0x000000071f000000| Untracked 
| 201|0x000000071f200000, 0x000000071f200000, 0x000000071f400000|  0%| F|  |TAMS 0x000000071f200000, 0x000000071f200000| Untracked 
| 202|0x000000071f400000, 0x000000071f400000, 0x000000071f600000|  0%| F|  |TAMS 0x000000071f400000, 0x000000071f400000| Untracked 
| 203|0x000000071f600000, 0x000000071f800000, 0x000000071f800000|100%| S|CS|TAMS 0x000000071f600000, 0x000000071f600000| Complete 
| 204|0x000000071f800000, 0x000000071fa00000, 0x000000071fa00000|100%| S|CS|TAMS 0x000000071f800000, 0x000000071f800000| Complete 
| 205|0x000000071fa00000, 0x000000071fc00000, 0x000000071fc00000|100%| S|CS|TAMS 0x000000071fa00000, 0x000000071fa00000| Complete 
| 206|0x000000071fc00000, 0x000000071fe00000, 0x000000071fe00000|100%| S|CS|TAMS 0x000000071fc00000, 0x000000071fc00000| Complete 
| 207|0x000000071fe00000, 0x0000000720000000, 0x0000000720000000|100%| S|CS|TAMS 0x000000071fe00000, 0x000000071fe00000| Complete 
| 208|0x0000000720000000, 0x0000000720200000, 0x0000000720200000|100%| S|CS|TAMS 0x0000000720000000, 0x0000000720000000| Complete 
| 209|0x0000000720200000, 0x0000000720200000, 0x0000000720400000|  0%| F|  |TAMS 0x0000000720200000, 0x0000000720200000| Untracked 
| 210|0x0000000720400000, 0x0000000720400000, 0x0000000720600000|  0%| F|  |TAMS 0x0000000720400000, 0x0000000720400000| Untracked 
| 211|0x0000000720600000, 0x0000000720600000, 0x0000000720800000|  0%| F|  |TAMS 0x0000000720600000, 0x0000000720600000| Untracked 
| 212|0x0000000720800000, 0x0000000720800000, 0x0000000720a00000|  0%| F|  |TAMS 0x0000000720800000, 0x0000000720800000| Untracked 
| 213|0x0000000720a00000, 0x0000000720a00000, 0x0000000720c00000|  0%| F|  |TAMS 0x0000000720a00000, 0x0000000720a00000| Untracked 
| 214|0x0000000720c00000, 0x0000000720c00000, 0x0000000720e00000|  0%| F|  |TAMS 0x0000000720c00000, 0x0000000720c00000| Untracked 
| 215|0x0000000720e00000, 0x0000000720e00000, 0x0000000721000000|  0%| F|  |TAMS 0x0000000720e00000, 0x0000000720e00000| Untracked 
| 216|0x0000000721000000, 0x0000000721000000, 0x0000000721200000|  0%| F|  |TAMS 0x0000000721000000, 0x0000000721000000| Untracked 
| 217|0x0000000721200000, 0x0000000721200000, 0x0000000721400000|  0%| F|  |TAMS 0x0000000721200000, 0x0000000721200000| Untracked 
| 218|0x0000000721400000, 0x0000000721400000, 0x0000000721600000|  0%| F|  |TAMS 0x0000000721400000, 0x0000000721400000| Untracked 
| 219|0x0000000721600000, 0x0000000721600000, 0x0000000721800000|  0%| F|  |TAMS 0x0000000721600000, 0x0000000721600000| Untracked 
| 220|0x0000000721800000, 0x0000000721800000, 0x0000000721a00000|  0%| F|  |TAMS 0x0000000721800000, 0x0000000721800000| Untracked 
| 221|0x0000000721a00000, 0x0000000721a00000, 0x0000000721c00000|  0%| F|  |TAMS 0x0000000721a00000, 0x0000000721a00000| Untracked 
| 222|0x0000000721c00000, 0x0000000721c00000, 0x0000000721e00000|  0%| F|  |TAMS 0x0000000721c00000, 0x0000000721c00000| Untracked 
| 223|0x0000000721e00000, 0x0000000721e00000, 0x0000000722000000|  0%| F|  |TAMS 0x0000000721e00000, 0x0000000721e00000| Untracked 
| 224|0x0000000722000000, 0x0000000722000000, 0x0000000722200000|  0%| F|  |TAMS 0x0000000722000000, 0x0000000722000000| Untracked 
| 225|0x0000000722200000, 0x0000000722200000, 0x0000000722400000|  0%| F|  |TAMS 0x0000000722200000, 0x0000000722200000| Untracked 
| 226|0x0000000722400000, 0x0000000722400000, 0x0000000722600000|  0%| F|  |TAMS 0x0000000722400000, 0x0000000722400000| Untracked 
| 227|0x0000000722600000, 0x0000000722600000, 0x0000000722800000|  0%| F|  |TAMS 0x0000000722600000, 0x0000000722600000| Untracked 
| 228|0x0000000722800000, 0x0000000722800000, 0x0000000722a00000|  0%| F|  |TAMS 0x0000000722800000, 0x0000000722800000| Untracked 
| 229|0x0000000722a00000, 0x0000000722a00000, 0x0000000722c00000|  0%| F|  |TAMS 0x0000000722a00000, 0x0000000722a00000| Untracked 
| 230|0x0000000722c00000, 0x0000000722c00000, 0x0000000722e00000|  0%| F|  |TAMS 0x0000000722c00000, 0x0000000722c00000| Untracked 
| 231|0x0000000722e00000, 0x0000000722e00000, 0x0000000723000000|  0%| F|  |TAMS 0x0000000722e00000, 0x0000000722e00000| Untracked 
| 232|0x0000000723000000, 0x0000000723000000, 0x0000000723200000|  0%| F|  |TAMS 0x0000000723000000, 0x0000000723000000| Untracked 
| 233|0x0000000723200000, 0x0000000723200000, 0x0000000723400000|  0%| F|  |TAMS 0x0000000723200000, 0x0000000723200000| Untracked 
| 234|0x0000000723400000, 0x0000000723400000, 0x0000000723600000|  0%| F|  |TAMS 0x0000000723400000, 0x0000000723400000| Untracked 
| 235|0x0000000723600000, 0x0000000723600000, 0x0000000723800000|  0%| F|  |TAMS 0x0000000723600000, 0x0000000723600000| Untracked 
| 236|0x0000000723800000, 0x0000000723800000, 0x0000000723a00000|  0%| F|  |TAMS 0x0000000723800000, 0x0000000723800000| Untracked 
| 237|0x0000000723a00000, 0x0000000723a00000, 0x0000000723c00000|  0%| F|  |TAMS 0x0000000723a00000, 0x0000000723a00000| Untracked 
| 238|0x0000000723c00000, 0x0000000723c00000, 0x0000000723e00000|  0%| F|  |TAMS 0x0000000723c00000, 0x0000000723c00000| Untracked 
| 239|0x0000000723e00000, 0x0000000723e00000, 0x0000000724000000|  0%| F|  |TAMS 0x0000000723e00000, 0x0000000723e00000| Untracked 
| 240|0x0000000724000000, 0x0000000724000000, 0x0000000724200000|  0%| F|  |TAMS 0x0000000724000000, 0x0000000724000000| Untracked 
| 241|0x0000000724200000, 0x0000000724200000, 0x0000000724400000|  0%| F|  |TAMS 0x0000000724200000, 0x0000000724200000| Untracked 
| 242|0x0000000724400000, 0x0000000724400000, 0x0000000724600000|  0%| F|  |TAMS 0x0000000724400000, 0x0000000724400000| Untracked 
| 243|0x0000000724600000, 0x0000000724600000, 0x0000000724800000|  0%| F|  |TAMS 0x0000000724600000, 0x0000000724600000| Untracked 
| 244|0x0000000724800000, 0x0000000724800000, 0x0000000724a00000|  0%| F|  |TAMS 0x0000000724800000, 0x0000000724800000| Untracked 
| 245|0x0000000724a00000, 0x0000000724a00000, 0x0000000724c00000|  0%| F|  |TAMS 0x0000000724a00000, 0x0000000724a00000| Untracked 
| 246|0x0000000724c00000, 0x0000000724c00000, 0x0000000724e00000|  0%| F|  |TAMS 0x0000000724c00000, 0x0000000724c00000| Untracked 
| 247|0x0000000724e00000, 0x0000000724e00000, 0x0000000725000000|  0%| F|  |TAMS 0x0000000724e00000, 0x0000000724e00000| Untracked 
| 248|0x0000000725000000, 0x0000000725000000, 0x0000000725200000|  0%| F|  |TAMS 0x0000000725000000, 0x0000000725000000| Untracked 
| 249|0x0000000725200000, 0x0000000725200000, 0x0000000725400000|  0%| F|  |TAMS 0x0000000725200000, 0x0000000725200000| Untracked 
| 250|0x0000000725400000, 0x0000000725400000, 0x0000000725600000|  0%| F|  |TAMS 0x0000000725400000, 0x0000000725400000| Untracked 
| 251|0x0000000725600000, 0x0000000725600000, 0x0000000725800000|  0%| F|  |TAMS 0x0000000725600000, 0x0000000725600000| Untracked 
| 252|0x0000000725800000, 0x0000000725800000, 0x0000000725a00000|  0%| F|  |TAMS 0x0000000725800000, 0x0000000725800000| Untracked 
| 253|0x0000000725a00000, 0x0000000725a00000, 0x0000000725c00000|  0%| F|  |TAMS 0x0000000725a00000, 0x0000000725a00000| Untracked 
| 254|0x0000000725c00000, 0x0000000725c00000, 0x0000000725e00000|  0%| F|  |TAMS 0x0000000725c00000, 0x0000000725c00000| Untracked 
| 255|0x0000000725e00000, 0x0000000725e00000, 0x0000000726000000|  0%| F|  |TAMS 0x0000000725e00000, 0x0000000725e00000| Untracked 
| 256|0x0000000726000000, 0x000000072613b7c8, 0x0000000726200000| 61%| E|  |TAMS 0x0000000726000000, 0x0000000726000000| Complete 

Card table byte_map: [0x000001cb7e320000,0x000001cb7eaf0000] _byte_map_base: 0x000001cb7aaf0000

Marking Bits (Prev, Next): (CMBitMap*) 0x000001cb7dacf9d0, (CMBitMap*) 0x000001cb7dacf990
 Prev Bits: [0x000001cb16450000, 0x000001cb1a2d0000)
 Next Bits: [0x000001cb125d0000, 0x000001cb16450000)

Polling page: 0x000001cb7b8b0000

Metaspace:

Usage:
  Non-class:     15.46 MB used.
      Class:      1.67 MB used.
       Both:     17.13 MB used.

Virtual space:
  Non-class space:       16.00 MB reserved,      15.56 MB ( 97%) committed,  2 nodes.
      Class space:        1.00 GB reserved,       1.75 MB ( <1%) committed,  1 nodes.
             Both:        1.02 GB reserved,      17.31 MB (  2%) committed. 

Chunk freelists:
   Non-Class:  47.00 KB
       Class:  2.13 MB
        Both:  2.18 MB

MaxMetaspaceSize: unlimited
CompressedClassSpaceSize: 1.00 GB
Initial GC threshold: 21.00 MB
Current GC threshold: 28.88 MB
CDS: off
MetaspaceReclaimPolicy: balanced
 - commit_granule_bytes: 65536.
 - commit_granule_words: 8192.
 - virtual_space_node_default_size: 1048576.
 - enlarge_chunks_in_place: 1.
 - new_chunks_are_fully_committed: 0.
 - uncommit_free_chunks: 1.
 - use_allocation_guard: 0.
 - handle_deallocations: 1.


Internal statistics:

num_allocs_failed_limit: 0.
num_arena_births: 130.
num_arena_deaths: 0.
num_vsnodes_births: 3.
num_vsnodes_deaths: 0.
num_space_committed: 277.
num_space_uncommitted: 0.
num_chunks_returned_to_freelist: 0.
num_chunks_taken_from_freelist: 259.
num_chunk_merges: 0.
num_chunk_splits: 142.
num_chunks_enlarged: 74.
num_purges: 0.
num_inconsistent_stats: 0.

CodeHeap 'non-profiled nmethods': size=120000Kb used=549Kb max_used=549Kb free=119451Kb
 bounds [0x000001cb0b0a0000, 0x000001cb0b310000, 0x000001cb125d0000]
CodeHeap 'profiled nmethods': size=120000Kb used=3573Kb max_used=3573Kb free=116426Kb
 bounds [0x000001cb03b70000, 0x000001cb03ef0000, 0x000001cb0b0a0000]
CodeHeap 'non-nmethods': size=5760Kb used=1268Kb max_used=1291Kb free=4491Kb
 bounds [0x000001cb035d0000, 0x000001cb03840000, 0x000001cb03b70000]
 total_blobs=2479 nmethods=1885 adapters=507
 compilation: enabled
              stopped_count=0, restarted_count=0
 full_count=0

Compilation events (20 events):
Event: 106.140 Thread 0x000001cb7f7da120 1876       4       java.util.ArrayList::add (25 bytes)
Event: 106.146 Thread 0x000001cb7f7da120 nmethod 1876 0x000001cb0b128210 code [0x000001cb0b1283a0, 0x000001cb0b1285c8]
Event: 108.462 Thread 0x000001cb7f7daa50 1877       3       org.bridj.Pointer$OrderedPointer::<init> (17 bytes)
Event: 108.463 Thread 0x000001cb7f7daa50 nmethod 1877 0x000001cb03ee5990 code [0x000001cb03ee5b20, 0x000001cb03ee5c68]
Event: 108.463 Thread 0x000001cb7f7daa50 1878       3       org.bridj.Pointer::<init> (81 bytes)
Event: 108.464 Thread 0x000001cb7f7daa50 nmethod 1878 0x000001cb03ee5d90 code [0x000001cb03ee5f60, 0x000001cb03ee6388]
Event: 108.618 Thread 0x000001cb7f7daa50 1879   !   3       java.util.concurrent.ConcurrentHashMap::replaceNode (437 bytes)
Event: 108.618 Thread 0x000001cb7f7da120 1881       4       java.util.concurrent.ConcurrentHashMap::spread (10 bytes)
Event: 108.619 Thread 0x000001cb7f7da120 nmethod 1881 0x000001cb0b128710 code [0x000001cb0b128880, 0x000001cb0b1288f8]
Event: 108.622 Thread 0x000001cb7f7daa50 nmethod 1879 0x000001cb03ee6510 code [0x000001cb03ee6860, 0x000001cb03ee8198]
Event: 108.623 Thread 0x000001cb7f7daa50 1880       3       java.lang.Long::<init> (10 bytes)
Event: 108.623 Thread 0x000001cb7f7daa50 nmethod 1880 0x000001cb03ee8e90 code [0x000001cb03ee9040, 0x000001cb03ee9218]
Event: 109.626 Thread 0x000001cb7f7da120 1882       4       java.io.ObjectOutputStream$BlockDataOutputStream::writeByte (33 bytes)
Event: 109.628 Thread 0x000001cb7f7da120 nmethod 1882 0x000001cb0b128a10 code [0x000001cb0b128b80, 0x000001cb0b128c78]
Event: 111.478 Thread 0x000001cb7f7daa50 1883       3       java.lang.String::<init> (830 bytes)
Event: 111.492 Thread 0x000001cb7f7daa50 nmethod 1883 0x000001cb03ee9310 code [0x000001cb03ee9820, 0x000001cb03eec928]
Event: 112.257 Thread 0x000001cb7f7da120 1884       4       java.awt.Component::getFont_NoClientCode (29 bytes)
Event: 112.261 Thread 0x000001cb7f7da120 nmethod 1884 0x000001cb0b128d90 code [0x000001cb0b128f20, 0x000001cb0b129008]
Event: 115.159 Thread 0x000001cb7f7daa50 1885       1       java.awt.image.SinglePixelPackedSampleModel::getNumDataElements (2 bytes)
Event: 115.159 Thread 0x000001cb7f7daa50 nmethod 1885 0x000001cb0b129110 code [0x000001cb0b1292a0, 0x000001cb0b129378]

GC Heap History (20 events):
Event: 71.698 GC heap before
{Heap before GC invocations=41 (full 0):
 garbage-first heap   total 337920K, used 245518K [0x0000000706000000, 0x0000000800000000)
  region size 2048K, 27 young (55296K), 4 survivors (8192K)
 Metaspace       used 17460K, committed 17664K, reserved 1064960K
  class space    used 1714K, committed 1792K, reserved 1048576K
}
Event: 71.705 GC heap after
{Heap after GC invocations=42 (full 0):
 garbage-first heap   total 337920K, used 211509K [0x0000000706000000, 0x0000000800000000)
  region size 2048K, 4 young (8192K), 4 survivors (8192K)
 Metaspace       used 17460K, committed 17664K, reserved 1064960K
  class space    used 1714K, committed 1792K, reserved 1048576K
}
Event: 75.994 GC heap before
{Heap before GC invocations=42 (full 0):
 garbage-first heap   total 337920K, used 268853K [0x0000000706000000, 0x0000000800000000)
  region size 2048K, 32 young (65536K), 4 survivors (8192K)
 Metaspace       used 17503K, committed 17728K, reserved 1064960K
  class space    used 1714K, committed 1792K, reserved 1048576K
}
Event: 76.001 GC heap after
{Heap after GC invocations=43 (full 0):
 garbage-first heap   total 337920K, used 224582K [0x0000000706000000, 0x0000000800000000)
  region size 2048K, 4 young (8192K), 4 survivors (8192K)
 Metaspace       used 17503K, committed 17728K, reserved 1064960K
  class space    used 1714K, committed 1792K, reserved 1048576K
}
Event: 79.394 GC heap before
{Heap before GC invocations=44 (full 0):
 garbage-first heap   total 378880K, used 269638K [0x0000000706000000, 0x0000000800000000)
  region size 2048K, 27 young (55296K), 4 survivors (8192K)
 Metaspace       used 17506K, committed 17728K, reserved 1064960K
  class space    used 1714K, committed 1792K, reserved 1048576K
}
Event: 79.401 GC heap after
{Heap after GC invocations=45 (full 0):
 garbage-first heap   total 378880K, used 235689K [0x0000000706000000, 0x0000000800000000)
  region size 2048K, 4 young (8192K), 4 survivors (8192K)
 Metaspace       used 17506K, committed 17728K, reserved 1064960K
  class space    used 1714K, committed 1792K, reserved 1048576K
}
Event: 84.211 GC heap before
{Heap before GC invocations=45 (full 0):
 garbage-first heap   total 378880K, used 301225K [0x0000000706000000, 0x0000000800000000)
  region size 2048K, 36 young (73728K), 4 survivors (8192K)
 Metaspace       used 17508K, committed 17728K, reserved 1064960K
  class space    used 1714K, committed 1792K, reserved 1048576K
}
Event: 84.219 GC heap after
{Heap after GC invocations=46 (full 0):
 garbage-first heap   total 378880K, used 250812K [0x0000000706000000, 0x0000000800000000)
  region size 2048K, 5 young (10240K), 5 survivors (10240K)
 Metaspace       used 17508K, committed 17728K, reserved 1064960K
  class space    used 1714K, committed 1792K, reserved 1048576K
}
Event: 88.131 GC heap before
{Heap before GC invocations=47 (full 0):
 garbage-first heap   total 423936K, used 304060K [0x0000000706000000, 0x0000000800000000)
  region size 2048K, 31 young (63488K), 5 survivors (10240K)
 Metaspace       used 17510K, committed 17728K, reserved 1064960K
  class space    used 1714K, committed 1792K, reserved 1048576K
}
Event: 88.139 GC heap after
{Heap after GC invocations=48 (full 0):
 garbage-first heap   total 423936K, used 263100K [0x0000000706000000, 0x0000000800000000)
  region size 2048K, 4 young (8192K), 4 survivors (8192K)
 Metaspace       used 17510K, committed 17728K, reserved 1064960K
  class space    used 1714K, committed 1792K, reserved 1048576K
}
Event: 93.471 GC heap before
{Heap before GC invocations=48 (full 0):
 garbage-first heap   total 423936K, used 334780K [0x0000000706000000, 0x0000000800000000)
  region size 2048K, 39 young (79872K), 4 survivors (8192K)
 Metaspace       used 17533K, committed 17728K, reserved 1064960K
  class space    used 1714K, committed 1792K, reserved 1048576K
}
Event: 93.483 GC heap after
{Heap after GC invocations=49 (full 0):
 garbage-first heap   total 423936K, used 279880K [0x0000000706000000, 0x0000000800000000)
  region size 2048K, 5 young (10240K), 5 survivors (10240K)
 Metaspace       used 17533K, committed 17728K, reserved 1064960K
  class space    used 1714K, committed 1792K, reserved 1048576K
}
Event: 98.029 GC heap before
{Heap before GC invocations=50 (full 0):
 garbage-first heap   total 471040K, used 341320K [0x0000000706000000, 0x0000000800000000)
  region size 2048K, 35 young (71680K), 5 survivors (10240K)
 Metaspace       used 17533K, committed 17728K, reserved 1064960K
  class space    used 1714K, committed 1792K, reserved 1048576K
}
Event: 98.039 GC heap after
{Heap after GC invocations=51 (full 0):
 garbage-first heap   total 471040K, used 293877K [0x0000000706000000, 0x0000000800000000)
  region size 2048K, 5 young (10240K), 5 survivors (10240K)
 Metaspace       used 17533K, committed 17728K, reserved 1064960K
  class space    used 1714K, committed 1792K, reserved 1048576K
}
Event: 103.900 GC heap before
{Heap before GC invocations=51 (full 0):
 garbage-first heap   total 471040K, used 373749K [0x0000000706000000, 0x0000000800000000)
  region size 2048K, 44 young (90112K), 5 survivors (10240K)
 Metaspace       used 17533K, committed 17728K, reserved 1064960K
  class space    used 1714K, committed 1792K, reserved 1048576K
}
Event: 103.912 GC heap after
{Heap after GC invocations=52 (full 0):
 garbage-first heap   total 471040K, used 312871K [0x0000000706000000, 0x0000000800000000)
  region size 2048K, 6 young (12288K), 6 survivors (12288K)
 Metaspace       used 17533K, committed 17728K, reserved 1064960K
  class space    used 1714K, committed 1792K, reserved 1048576K
}
Event: 108.607 GC heap before
{Heap before GC invocations=53 (full 0):
 garbage-first heap   total 526336K, used 378407K [0x0000000706000000, 0x0000000800000000)
  region size 2048K, 38 young (77824K), 6 survivors (12288K)
 Metaspace       used 17534K, committed 17728K, reserved 1064960K
  class space    used 1714K, committed 1792K, reserved 1048576K
}
Event: 108.617 GC heap after
{Heap after GC invocations=54 (full 0):
 garbage-first heap   total 526336K, used 328074K [0x0000000706000000, 0x0000000800000000)
  region size 2048K, 5 young (10240K), 5 survivors (10240K)
 Metaspace       used 17534K, committed 17728K, reserved 1064960K
  class space    used 1714K, committed 1792K, reserved 1048576K
}
Event: 115.123 GC heap before
{Heap before GC invocations=54 (full 0):
 garbage-first heap   total 526336K, used 416138K [0x0000000706000000, 0x0000000800000000)
  region size 2048K, 48 young (98304K), 5 survivors (10240K)
 Metaspace       used 17545K, committed 17728K, reserved 1064960K
  class space    used 1714K, committed 1792K, reserved 1048576K
}
Event: 115.138 GC heap after
{Heap after GC invocations=55 (full 0):
 garbage-first heap   total 526336K, used 348556K [0x0000000706000000, 0x0000000800000000)
  region size 2048K, 6 young (12288K), 6 survivors (12288K)
 Metaspace       used 17545K, committed 17728K, reserved 1064960K
  class space    used 1714K, committed 1792K, reserved 1048576K
}

Deoptimization events (20 events):
Event: 5.133 Thread 0x000001cb7da7e870 Uncommon trap: trap_request=0xffffff45 fr.pc=0x000001cb0b0ecfb0 relative=0x0000000000000690
Event: 5.133 Thread 0x000001cb7da7e870 Uncommon trap: reason=unstable_if action=reinterpret pc=0x000001cb0b0ecfb0 method=java.io.ObjectOutputStream$BlockDataOutputStream.writeInts([III)V @ 13 c2
Event: 5.133 Thread 0x000001cb7da7e870 DEOPT PACKING pc=0x000001cb0b0ecfb0 sp=0x000000b7de0fe580
Event: 5.133 Thread 0x000001cb7da7e870 DEOPT UNPACKING pc=0x000001cb036223a3 sp=0x000000b7de0fe548 mode 2
Event: 5.136 Thread 0x000001cb1d1d40b0 DEOPT PACKING pc=0x000001cb03d47ad7 sp=0x000000b7df6fd940
Event: 5.136 Thread 0x000001cb1d1d40b0 DEOPT UNPACKING pc=0x000001cb03622b43 sp=0x000000b7df6fce58 mode 0
Event: 5.150 Thread 0x000001cb1d1d40b0 Uncommon trap: trap_request=0xffffff45 fr.pc=0x000001cb0b0ee384 relative=0x0000000000000d84
Event: 5.150 Thread 0x000001cb1d1d40b0 Uncommon trap: reason=unstable_if action=reinterpret pc=0x000001cb0b0ee384 method=sun.java2d.loops.OpaqueCopyAnyToArgb.Blit(Lsun/java2d/SurfaceData;Lsun/java2d/SurfaceData;Ljava/awt/Composite;Lsun/java2d/pipe/Region;IIIIII)V @ 150 c2
Event: 5.150 Thread 0x000001cb1d1d40b0 DEOPT PACKING pc=0x000001cb0b0ee384 sp=0x000000b7df6fd990
Event: 5.150 Thread 0x000001cb1d1d40b0 DEOPT UNPACKING pc=0x000001cb036223a3 sp=0x000000b7df6fd958 mode 2
Event: 15.887 Thread 0x000001cb7f7739f0 Uncommon trap: trap_request=0xffffff45 fr.pc=0x000001cb0b0f51c8 relative=0x00000000000000c8
Event: 15.887 Thread 0x000001cb7f7739f0 Uncommon trap: reason=unstable_if action=reinterpret pc=0x000001cb0b0f51c8 method=java.util.concurrent.locks.ReentrantLock$Sync.tryRelease(I)Z @ 26 c2
Event: 15.887 Thread 0x000001cb7f7739f0 DEOPT PACKING pc=0x000001cb0b0f51c8 sp=0x000000b7de8ff190
Event: 15.887 Thread 0x000001cb7f7739f0 DEOPT UNPACKING pc=0x000001cb036223a3 sp=0x000000b7de8ff130 mode 2
Event: 62.602 Thread 0x000001cb1d1d40b0 DEOPT PACKING pc=0x000001cb03d908a5 sp=0x000000b7df6fee40
Event: 62.603 Thread 0x000001cb1d1d40b0 DEOPT UNPACKING pc=0x000001cb03622b43 sp=0x000000b7df6fe2d0 mode 0
Event: 90.985 Thread 0x000001cb1d22e210 Uncommon trap: trap_request=0xffffff5c fr.pc=0x000001cb0b122edc relative=0x0000000000000edc
Event: 90.985 Thread 0x000001cb1d22e210 Uncommon trap: reason=speculate_null_check action=make_not_entrant pc=0x000001cb0b122edc method=java.util.concurrent.SynchronousQueue$TransferQueue.transfer(Ljava/lang/Object;ZJ)Ljava/lang/Object; @ 485 c2
Event: 90.985 Thread 0x000001cb1d22e210 DEOPT PACKING pc=0x000001cb0b122edc sp=0x000000b7df8fef00
Event: 90.985 Thread 0x000001cb1d22e210 DEOPT UNPACKING pc=0x000001cb036223a3 sp=0x000000b7df8fee98 mode 2

Classes unloaded (0 events):
No events

Classes redefined (0 events):
No events

Internal exceptions (20 events):
Event: 2.011 Thread 0x000001cb1cffd7b0 Exception <a 'java/lang/NoSuchMethodError'{0x0000000709c4dc78}: 'void java.lang.invoke.DirectMethodHandle$Holder.invokeVirtual(java.lang.Object, java.lang.Object)'> (0x0000000709c4dc78) 
thrown [e:\jenkins\tmp\workspace\build\src\src\hotspot\share\interpreter\linkResolver.cpp, line 766]
Event: 2.205 Thread 0x000001cb1d22e210 Exception <a 'java/lang/NoSuchMethodError'{0x0000000709b91b40}: 'java.lang.Object java.lang.invoke.DirectMethodHandle$Holder.invokeStaticInit(java.lang.Object, java.lang.Object, int, int, int, int)'> (0x0000000709b91b40) 
thrown [e:\jenkins\tmp\workspace\build\src\src\hotspot\share\interpreter\linkResolver.cpp, line 766]
Event: 3.020 Thread 0x000001cb1d22e210 Exception <a 'java/lang/NoSuchMethodError'{0x0000000709720e48}: static Lcom/github/sarxos/webcam/ds/buildin/natives/OpenIMAJGrabber;.getWidth()I> (0x0000000709720e48) 
thrown [e:\jenkins\tmp\workspace\build\src\src\hotspot\share\prims\jni.cpp, line 1107]
Event: 3.020 Thread 0x000001cb1d22e210 Exception <a 'java/lang/NoSuchMethodError'{0x00000007097211a8}: static Lcom/github/sarxos/webcam/ds/buildin/natives/OpenIMAJGrabber;.getHeight()I> (0x00000007097211a8) 
thrown [e:\jenkins\tmp\workspace\build\src\src\hotspot\share\prims\jni.cpp, line 1107]
Event: 3.020 Thread 0x000001cb1d22e210 Exception <a 'java/lang/NoSuchMethodError'{0x0000000709721520}: static Lcom/github/sarxos/webcam/ds/buildin/natives/OpenIMAJGrabber;.getImage()Lorg/bridj/Pointer;> (0x0000000709721520) 
thrown [e:\jenkins\tmp\workspace\build\src\src\hotspot\share\prims\jni.cpp, line 1107]
Event: 3.020 Thread 0x000001cb1d22e210 Exception <a 'java/lang/NoSuchMethodError'{0x0000000709721880}: static Lcom/github/sarxos/webcam/ds/buildin/natives/OpenIMAJGrabber;.setTimeout(I)V> (0x0000000709721880) 
thrown [e:\jenkins\tmp\workspace\build\src\src\hotspot\share\prims\jni.cpp, line 1107]
Event: 3.020 Thread 0x000001cb1d22e210 Exception <a 'java/lang/NoSuchMethodError'{0x0000000709721c00}: static Lcom/github/sarxos/webcam/ds/buildin/natives/OpenIMAJGrabber;.getVideoDevices()Lorg/bridj/Pointer;> (0x0000000709721c00) 
thrown [e:\jenkins\tmp\workspace\build\src\src\hotspot\share\prims\jni.cpp, line 1107]
Event: 3.020 Thread 0x000001cb1d22e210 Exception <a 'java/lang/NoSuchMethodError'{0x0000000709721f60}: static Lcom/github/sarxos/webcam/ds/buildin/natives/OpenIMAJGrabber;.startSession(IID)Z> (0x0000000709721f60) 
thrown [e:\jenkins\tmp\workspace\build\src\src\hotspot\share\prims\jni.cpp, line 1107]
Event: 3.020 Thread 0x000001cb1d22e210 Exception <a 'java/lang/NoSuchMethodError'{0x00000007097222e0}: static Lcom/github/sarxos/webcam/ds/buildin/natives/OpenIMAJGrabber;.startSession(IIDLorg/bridj/Pointer;)Z> (0x00000007097222e0) 
thrown [e:\jenkins\tmp\workspace\build\src\src\hotspot\share\prims\jni.cpp, line 1107]
Event: 3.021 Thread 0x000001cb1d22e210 Exception <a 'java/lang/NoSuchMethodError'{0x0000000709722640}: static Lcom/github/sarxos/webcam/ds/buildin/natives/OpenIMAJGrabber;.stopSession()V> (0x0000000709722640) 
thrown [e:\jenkins\tmp\workspace\build\src\src\hotspot\share\prims\jni.cpp, line 1107]
Event: 3.021 Thread 0x000001cb1d22e210 Exception <a 'java/lang/NoSuchMethodError'{0x00000007097229a0}: static Lcom/github/sarxos/webcam/ds/buildin/natives/OpenIMAJGrabber;.nextFrame()I> (0x00000007097229a0) 
thrown [e:\jenkins\tmp\workspace\build\src\src\hotspot\share\prims\jni.cpp, line 1107]
Event: 3.116 Thread 0x000001cb1d22e210 Exception <a 'java/lang/NoSuchMethodError'{0x00000007097c50f8}: static Lorg/bridj/cpp/CPPRuntime_CPPDestructor_NativeImpl;.destroy(J)V> (0x00000007097c50f8) 
thrown [e:\jenkins\tmp\workspace\build\src\src\hotspot\share\prims\jni.cpp, line 1107]
Event: 3.136 Thread 0x000001cb1d22e210 Exception <a 'java/lang/NoSuchMethodError'{0x00000007097e1ea0}: static Lorg/bridj/dyncallbacks/PointerToVoid_0;.apply(Lorg/bridj/Pointer;)V> (0x00000007097e1ea0) 
thrown [e:\jenkins\tmp\workspace\build\src\src\hotspot\share\prims\jni.cpp, line 1107]
Event: 3.136 Thread 0x000001cb1d22e210 Exception <a 'java/lang/NoSuchMethodError'{0x00000007097e30e0}: static Lorg/bridj/dyncallbacks/PointerToVoid_0;.apply(Lorg/bridj/Pointer;)V> (0x00000007097e30e0) 
thrown [e:\jenkins\tmp\workspace\build\src\src\hotspot\share\prims\jni.cpp, line 1107]
Event: 3.175 Thread 0x000001cb1d22e210 Exception <a 'java/lang/NoSuchMethodError'{0x00000007097fea18}: static Lcom/github/sarxos/webcam/ds/buildin/natives/DeviceList;.getDevice(I)Lorg/bridj/Pointer;> (0x00000007097fea18) 
thrown [e:\jenkins\tmp\workspace\build\src\src\hotspot\share\prims\jni.cpp, line 1107]
Event: 3.176 Thread 0x000001cb1d22e210 Exception <a 'java/lang/NoSuchMethodError'{0x00000007097fed70}: static Lcom/github/sarxos/webcam/ds/buildin/natives/DeviceList;.getNumDevices()I> (0x00000007097fed70) 
thrown [e:\jenkins\tmp\workspace\build\src\src\hotspot\share\prims\jni.cpp, line 1107]
Event: 3.180 Thread 0x000001cb1d22e210 Exception <a 'java/lang/NoSuchMethodError'{0x0000000709407d28}: static Lcom/github/sarxos/webcam/ds/buildin/natives/Device;.getIdentifier()Lorg/bridj/Pointer;> (0x0000000709407d28) 
thrown [e:\jenkins\tmp\workspace\build\src\src\hotspot\share\prims\jni.cpp, line 1107]
Event: 3.180 Thread 0x000001cb1d22e210 Exception <a 'java/lang/NoSuchMethodError'{0x0000000709408090}: static Lcom/github/sarxos/webcam/ds/buildin/natives/Device;.getName()Lorg/bridj/Pointer;> (0x0000000709408090) 
thrown [e:\jenkins\tmp\workspace\build\src\src\hotspot\share\prims\jni.cpp, line 1107]
Event: 4.716 Thread 0x000001cb7da7e870 Exception <a 'java/lang/NoSuchMethodError'{0x0000000709d62e98}: static Ljava/lang/Object;.<clinit>()V> (0x0000000709d62e98) 
thrown [e:\jenkins\tmp\workspace\build\src\src\hotspot\share\prims\jni.cpp, line 1107]
Event: 4.834 Thread 0x000001cb7da7e870 Exception <a 'java/lang/NoSuchMethodError'{0x0000000709ed1468}: static [I.<clinit>()V> (0x0000000709ed1468) 
thrown [e:\jenkins\tmp\workspace\build\src\src\hotspot\share\prims\jni.cpp, line 1107]

VM Operations (20 events):
Event: 93.523 Executing VM operation: G1Concurrent done
Event: 93.537 Executing VM operation: G1Concurrent
Event: 93.538 Executing VM operation: G1Concurrent done
Event: 98.029 Executing VM operation: G1CollectForAllocation
Event: 98.039 Executing VM operation: G1CollectForAllocation done
Event: 103.899 Executing VM operation: G1CollectForAllocation
Event: 103.912 Executing VM operation: G1CollectForAllocation done
Event: 103.936 Executing VM operation: G1Concurrent
Event: 103.940 Executing VM operation: G1Concurrent done
Event: 103.953 Executing VM operation: G1Concurrent
Event: 103.953 Executing VM operation: G1Concurrent done
Event: 106.953 Executing VM operation: Cleanup
Event: 106.953 Executing VM operation: Cleanup done
Event: 108.607 Executing VM operation: G1CollectForAllocation
Event: 108.617 Executing VM operation: G1CollectForAllocation done
Event: 114.620 Executing VM operation: Cleanup
Event: 114.620 Executing VM operation: Cleanup done
Event: 115.123 Executing VM operation: G1CollectForAllocation
Event: 115.138 Executing VM operation: G1CollectForAllocation done
Event: 115.173 Executing VM operation: G1Concurrent

Events (20 events):
Event: 4.907 loading class sun/java2d/loops/SetFillSpansANY done
Event: 4.907 loading class sun/java2d/loops/DrawGlyphList$General
Event: 4.907 loading class sun/java2d/loops/DrawGlyphList$General done
Event: 4.907 loading class sun/java2d/loops/MaskFill$General
Event: 4.908 loading class sun/java2d/loops/MaskFill$General done
Event: 4.908 loading class sun/java2d/loops/MaskBlit$General
Event: 4.908 loading class sun/java2d/loops/GraphicsPrimitive$GeneralBinaryOp
Event: 4.908 loading class sun/java2d/loops/GraphicsPrimitive$GeneralBinaryOp done
Event: 4.908 loading class sun/java2d/loops/MaskBlit$General done
Event: 4.908 loading class sun/java2d/loops/OpaqueCopyAnyToArgb
Event: 4.909 loading class sun/java2d/loops/OpaqueCopyAnyToArgb done
Event: 4.909 loading class sun/java2d/loops/OpaqueCopyArgbToAny
Event: 4.909 loading class sun/java2d/loops/OpaqueCopyArgbToAny done
Event: 4.910 loading class sun/java2d/loops/DrawGlyphListAA$General
Event: 4.910 loading class sun/java2d/loops/DrawGlyphListAA$General done
Event: 4.911 loading class sun/java2d/pipe/RegionSpanIterator
Event: 4.911 loading class sun/java2d/pipe/SpanIterator
Event: 4.911 loading class sun/java2d/pipe/SpanIterator done
Event: 4.911 loading class sun/java2d/pipe/RegionSpanIterator done
Event: 5.355 Thread 0x000001cb1d783b20 Thread exited: 0x000001cb1d783b20


Dynamic libraries:
0x00007ff7516a0000 - 0x00007ff7516ae000 	C:\Users\Muhammad\.p2\pool\plugins\org.eclipse.justj.openjdk.hotspot.jre.full.win32.x86_64_17.0.1.v20211116-1657\jre\bin\javaw.exe
0x00007ffd603c0000 - 0x00007ffd605a1000 	C:\Windows\SYSTEM32\ntdll.dll
0x00007ffd601e0000 - 0x00007ffd60292000 	C:\Windows\System32\KERNEL32.DLL
0x00007ffd5ca20000 - 0x00007ffd5cc93000 	C:\Windows\System32\KERNELBASE.dll
0x00007ffd5d670000 - 0x00007ffd5d76a000 	C:\Windows\System32\ucrtbase.dll
0x00007ffd45500000 - 0x00007ffd45518000 	C:\Users\Muhammad\.p2\pool\plugins\org.eclipse.justj.openjdk.hotspot.jre.full.win32.x86_64_17.0.1.v20211116-1657\jre\bin\jli.dll
0x00007ffd46070000 - 0x00007ffd46089000 	C:\Users\Muhammad\.p2\pool\plugins\org.eclipse.justj.openjdk.hotspot.jre.full.win32.x86_64_17.0.1.v20211116-1657\jre\bin\VCRUNTIME140.dll
0x00007ffd5d860000 - 0x00007ffd5d9f0000 	C:\Windows\System32\USER32.dll
0x00007ffd5cf40000 - 0x00007ffd5cf60000 	C:\Windows\System32\win32u.dll
0x00007ffd487c0000 - 0x00007ffd48a29000 	C:\Windows\WinSxS\amd64_microsoft.windows.common-controls_6595b64144ccf1df_6.0.17134.1_none_e4da93291059d8fb\COMCTL32.dll
0x00007ffd60360000 - 0x00007ffd60388000 	C:\Windows\System32\GDI32.dll
0x00007ffd5dcc0000 - 0x00007ffd5dd5e000 	C:\Windows\System32\msvcrt.dll
0x00007ffd5c880000 - 0x00007ffd5ca12000 	C:\Windows\System32\gdi32full.dll
0x00007ffd5f880000 - 0x00007ffd5fba3000 	C:\Windows\System32\combase.dll
0x00007ffd5c790000 - 0x00007ffd5c82f000 	C:\Windows\System32\msvcp_win.dll
0x00007ffd5f200000 - 0x00007ffd5f324000 	C:\Windows\System32\RPCRT4.dll
0x00007ffd5d7d0000 - 0x00007ffd5d84a000 	C:\Windows\System32\bcryptPrimitives.dll
0x00007ffd5f850000 - 0x00007ffd5f87d000 	C:\Windows\System32\IMM32.DLL
0x00007ffd502a0000 - 0x00007ffd502ac000 	C:\Users\Muhammad\.p2\pool\plugins\org.eclipse.justj.openjdk.hotspot.jre.full.win32.x86_64_17.0.1.v20211116-1657\jre\bin\vcruntime140_1.dll
0x00007ffd34e70000 - 0x00007ffd34f01000 	C:\Users\Muhammad\.p2\pool\plugins\org.eclipse.justj.openjdk.hotspot.jre.full.win32.x86_64_17.0.1.v20211116-1657\jre\bin\msvcp140.dll
0x00007ffd15dd0000 - 0x00007ffd16a16000 	C:\Users\Muhammad\.p2\pool\plugins\org.eclipse.justj.openjdk.hotspot.jre.full.win32.x86_64_17.0.1.v20211116-1657\jre\bin\server\jvm.dll
0x00007ffd602b0000 - 0x00007ffd60351000 	C:\Windows\System32\ADVAPI32.dll
0x00007ffd5fc80000 - 0x00007ffd5fcdb000 	C:\Windows\System32\sechost.dll
0x00007ffd5d850000 - 0x00007ffd5d858000 	C:\Windows\System32\PSAPI.DLL
0x00007ffd5b2e0000 - 0x00007ffd5b2e9000 	C:\Windows\SYSTEM32\WSOCK32.dll
0x00007ffd5f330000 - 0x00007ffd5f39c000 	C:\Windows\System32\WS2_32.dll
0x00007ffd591b0000 - 0x00007ffd591d3000 	C:\Windows\SYSTEM32\WINMM.dll
0x00007ffd4d260000 - 0x00007ffd4d26a000 	C:\Windows\SYSTEM32\VERSION.dll
0x00007ffd59180000 - 0x00007ffd591aa000 	C:\Windows\SYSTEM32\winmmbase.dll
0x00007ffd5c830000 - 0x00007ffd5c879000 	C:\Windows\System32\cfgmgr32.dll
0x00007ffd5c770000 - 0x00007ffd5c781000 	C:\Windows\System32\kernel.appcore.dll
0x00007ffd57d20000 - 0x00007ffd57d2a000 	C:\Users\Muhammad\.p2\pool\plugins\org.eclipse.justj.openjdk.hotspot.jre.full.win32.x86_64_17.0.1.v20211116-1657\jre\bin\jimage.dll
0x00007ffd5b0f0000 - 0x00007ffd5b2b9000 	C:\Windows\SYSTEM32\DBGHELP.DLL
0x00007ffd4c510000 - 0x00007ffd4c539000 	C:\Windows\SYSTEM32\dbgcore.DLL
0x00007ffd454b0000 - 0x00007ffd454d5000 	C:\Users\Muhammad\.p2\pool\plugins\org.eclipse.justj.openjdk.hotspot.jre.full.win32.x86_64_17.0.1.v20211116-1657\jre\bin\java.dll
0x00007ffd43040000 - 0x00007ffd43058000 	C:\Users\Muhammad\.p2\pool\plugins\org.eclipse.justj.openjdk.hotspot.jre.full.win32.x86_64_17.0.1.v20211116-1657\jre\bin\zip.dll
0x00007ffd5dd60000 - 0x00007ffd5f1a0000 	C:\Windows\System32\SHELL32.dll
0x00007ffd5fce0000 - 0x00007ffd5fd89000 	C:\Windows\System32\shcore.dll
0x00007ffd5cf60000 - 0x00007ffd5d66d000 	C:\Windows\System32\windows.storage.dll
0x00007ffd5da50000 - 0x00007ffd5daa1000 	C:\Windows\System32\shlwapi.dll
0x00007ffd5c730000 - 0x00007ffd5c74f000 	C:\Windows\System32\profapi.dll
0x00007ffd5c6e0000 - 0x00007ffd5c72c000 	C:\Windows\System32\powrprof.dll
0x00007ffd5c6d0000 - 0x00007ffd5c6da000 	C:\Windows\System32\FLTLIB.DLL
0x00007ffd429d0000 - 0x00007ffd429e9000 	C:\Users\Muhammad\.p2\pool\plugins\org.eclipse.justj.openjdk.hotspot.jre.full.win32.x86_64_17.0.1.v20211116-1657\jre\bin\net.dll
0x00007ffd563a0000 - 0x00007ffd5647d000 	C:\Windows\SYSTEM32\WINHTTP.dll
0x00007ffd5bef0000 - 0x00007ffd5bf56000 	C:\Windows\system32\mswsock.dll
0x00007ffd42900000 - 0x00007ffd42915000 	C:\Users\Muhammad\.p2\pool\plugins\org.eclipse.justj.openjdk.hotspot.jre.full.win32.x86_64_17.0.1.v20211116-1657\jre\bin\nio.dll
0x00007ffd41340000 - 0x00007ffd414ce000 	C:\Users\Muhammad\.p2\pool\plugins\org.eclipse.justj.openjdk.hotspot.jre.full.win32.x86_64_17.0.1.v20211116-1657\jre\bin\awt.dll
0x00007ffd5fbb0000 - 0x00007ffd5fc72000 	C:\Windows\System32\OLEAUT32.dll
0x00007ffd5a6c0000 - 0x00007ffd5a74b000 	C:\Windows\SYSTEM32\apphelp.dll
0x00007ffd5a850000 - 0x00007ffd5a8e8000 	C:\Windows\system32\uxtheme.dll
0x00007ffd5f3a0000 - 0x00007ffd5f515000 	C:\Windows\System32\MSCTF.dll
0x00007ffd5aaa0000 - 0x00007ffd5aac9000 	C:\Windows\system32\dwmapi.dll
0x00007ffd41000000 - 0x00007ffd41038000 	C:\Windows\system32\IMGSF50Filter_x64.dll
0x00007ffd5dae0000 - 0x00007ffd5dc31000 	C:\Windows\System32\ole32.dll
0x0000000055870000 - 0x0000000055913000 	C:\Windows\WinSxS\amd64_microsoft.vc90.crt_1fc8b3b9a1e18e3b_9.0.30729.9415_none_08e0c10ba840a28a\MSVCR90.dll
0x0000000055920000 - 0x00000000559f3000 	C:\Windows\WinSxS\amd64_microsoft.vc90.crt_1fc8b3b9a1e18e3b_9.0.30729.9415_none_08e0c10ba840a28a\MSVCP90.dll
0x00007ffd43210000 - 0x00007ffd43330000 	C:\Windows\SYSTEM32\Opengl32.dll
0x00007ffd4f3e0000 - 0x00007ffd4f40c000 	C:\Windows\SYSTEM32\GLU32.dll
0x00007ffd57310000 - 0x00007ffd57320000 	C:\Users\Muhammad\.p2\pool\plugins\org.eclipse.justj.openjdk.hotspot.jre.full.win32.x86_64_17.0.1.v20211116-1657\jre\bin\verify.dll
0x00007ffd5c0b0000 - 0x00007ffd5c0c7000 	C:\Windows\SYSTEM32\CRYPTSP.dll
0x00007ffd5bad0000 - 0x00007ffd5bb03000 	C:\Windows\system32\rsaenh.dll
0x00007ffd5c1d0000 - 0x00007ffd5c1f5000 	C:\Windows\SYSTEM32\bcrypt.dll
0x00007ffd5c5d0000 - 0x00007ffd5c5f8000 	C:\Windows\SYSTEM32\USERENV.dll
0x00007ffd5c0a0000 - 0x00007ffd5c0ab000 	C:\Windows\SYSTEM32\CRYPTBASE.dll
0x00007ffd5bc70000 - 0x00007ffd5bca8000 	C:\Windows\SYSTEM32\IPHLPAPI.DLL
0x00007ffd5dad0000 - 0x00007ffd5dad8000 	C:\Windows\System32\NSI.dll
0x00007ffd53130000 - 0x00007ffd53146000 	C:\Windows\SYSTEM32\dhcpcsvc6.DLL
0x00007ffd53b40000 - 0x00007ffd53b5a000 	C:\Windows\SYSTEM32\dhcpcsvc.DLL
0x00007ffd363d0000 - 0x00007ffd36459000 	C:\Users\Muhammad\.p2\pool\plugins\org.eclipse.justj.openjdk.hotspot.jre.full.win32.x86_64_17.0.1.v20211116-1657\jre\bin\freetype.dll
0x00007ffd347b0000 - 0x00007ffd34858000 	C:\Users\Muhammad\.p2\pool\plugins\org.eclipse.justj.openjdk.hotspot.jre.full.win32.x86_64_17.0.1.v20211116-1657\jre\bin\fontmanager.dll
0x00007ffd57e30000 - 0x00007ffd57ec8000 	C:\Windows\System32\TextInputFramework.dll
0x00007ffd57650000 - 0x00007ffd5796e000 	C:\Windows\System32\CoreUIComponents.dll
0x00007ffd5a150000 - 0x00007ffd5a22a000 	C:\Windows\System32\CoreMessaging.dll
0x00007ffd5b7f0000 - 0x00007ffd5b821000 	C:\Windows\SYSTEM32\ntmarta.dll
0x00007ffd581c0000 - 0x00007ffd5830d000 	C:\Windows\SYSTEM32\wintypes.dll
0x00007ffd41500000 - 0x00007ffd41529000 	C:\Users\Muhammad\AppData\Local\Temp\BridJExtractedLibraries12871106932749624489\bridj.dll
0x00007ffd3fe60000 - 0x00007ffd3fe96000 	C:\Users\Muhammad\AppData\Local\Temp\BridJExtractedLibraries12871106932749624489\OpenIMAJGrabber.dll
0x00007ffd5f610000 - 0x00007ffd5f6b0000 	C:\Windows\System32\clbcatq.dll
0x00007ffd454e0000 - 0x00007ffd454f7000 	C:\Windows\System32\devenum.dll
0x00007ffd5fd90000 - 0x00007ffd601db000 	C:\Windows\System32\setupapi.dll
0x00007ffd5c480000 - 0x00007ffd5c4a7000 	C:\Windows\SYSTEM32\DEVOBJ.dll
0x00007ffd5d770000 - 0x00007ffd5d7c7000 	C:\Windows\System32\WINTRUST.dll
0x00007ffd5c750000 - 0x00007ffd5c762000 	C:\Windows\System32\MSASN1.dll
0x00007ffd5cd50000 - 0x00007ffd5cf32000 	C:\Windows\System32\CRYPT32.dll
0x00007ffd59200000 - 0x00007ffd5920a000 	C:\Windows\SYSTEM32\msdmo.dll
0x00007ffd37db0000 - 0x00007ffd37de3000 	C:\Windows\System32\qcap.dll
0x00007ffd1d800000 - 0x00007ffd1d9bd000 	C:\Windows\System32\quartz.dll
0x00007ffd35b30000 - 0x00007ffd35b7b000 	C:\Windows\System32\mfksproxy.dll
0x00007ffd41210000 - 0x00007ffd4122d000 	C:\Windows\System32\ATL.DLL
0x00007ffd49190000 - 0x00007ffd4936c000 	C:\Windows\System32\MFPlat.DLL
0x00007ffd51350000 - 0x00007ffd5137e000 	C:\Windows\System32\RTWorkQ.DLL
0x00007ffd35230000 - 0x00007ffd3527e000 	C:\Windows\System32\MFSENSORGROUP.dll
0x00007ffd34f50000 - 0x00007ffd34f98000 	C:\Windows\System32\ksproxy.ax
0x00007ffd57d10000 - 0x00007ffd57d19000 	C:\Windows\System32\ksuser.dll
0x00007ffd1cb10000 - 0x00007ffd1cca7000 	C:\Windows\System32\d3d9.dll
0x00007ffd54c80000 - 0x00007ffd54cff000 	C:\Windows\SYSTEM32\policymanager.dll
0x00007ffd58fe0000 - 0x00007ffd59071000 	C:\Windows\System32\msvcp110_win.dll
0x00007ffd4eba0000 - 0x00007ffd4ebac000 	C:\Windows\System32\vidcap.ax
0x00007ffd35070000 - 0x00007ffd35096000 	C:\Windows\System32\kswdmcap.ax
0x00007ffd1ae60000 - 0x00007ffd1afc4000 	C:\Windows\System32\MFC42.dll
0x00007ffd34710000 - 0x00007ffd347af000 	C:\Windows\System32\qedit.dll
0x00007ffd5f520000 - 0x00007ffd5f60d000 	C:\Windows\System32\COMDLG32.dll
0x00007ffd4d7c0000 - 0x00007ffd4d95a000 	C:\Windows\WinSxS\amd64_microsoft.windows.gdiplus_6595b64144ccf1df_1.1.17134.1_none_64a2024723f1f523\gdiplus.dll
0x00007ffd34f20000 - 0x00007ffd34f49000 	C:\Windows\System32\MSVFW32.dll
0x00007ffd1d4b0000 - 0x00007ffd1d5a6000 	C:\Windows\System32\DDRAW.dll
0x00007ffd5b490000 - 0x00007ffd5b54b000 	C:\Windows\System32\dxgi.dll
0x00007ffd4eae0000 - 0x00007ffd4eae8000 	C:\Windows\System32\DCIMAN32.dll
0x00007ffd4b0b0000 - 0x00007ffd4b0bc000 	C:\Windows\SYSTEM32\msyuv.dll

dbghelp: loaded successfully - version: 4.0.5 - missing functions: none
symbol engine: initialized successfully - sym options: 0x614 - pdb path: .;C:\Users\Muhammad\.p2\pool\plugins\org.eclipse.justj.openjdk.hotspot.jre.full.win32.x86_64_17.0.1.v20211116-1657\jre\bin;C:\Windows\SYSTEM32;C:\Windows\WinSxS\amd64_microsoft.windows.common-controls_6595b64144ccf1df_6.0.17134.1_none_e4da93291059d8fb;C:\Users\Muhammad\.p2\pool\plugins\org.eclipse.justj.openjdk.hotspot.jre.full.win32.x86_64_17.0.1.v20211116-1657\jre\bin\server;C:\Windows\WinSxS\amd64_microsoft.vc90.crt_1fc8b3b9a1e18e3b_9.0.30729.9415_none_08e0c10ba840a28a;C:\Users\Muhammad\AppData\Local\Temp\BridJExtractedLibraries12871106932749624489;C:\Windows\WinSxS\amd64_microsoft.windows.gdiplus_6595b64144ccf1df_1.1.17134.1_none_64a2024723f1f523

VM Arguments:
jvm_args: -Xmx4000M -Dfile.encoding=Cp1252 -XX:+ShowCodeDetailsInExceptionMessages -Djava.net.preferIPv4Stack=true 
java_command: project.Client
java_class_path (initial): C:\Users\Muhammad\eclipse-workspace\DCCN\bin;H:\Downloads\jar_files\bridj-0.7.0.jar;H:\Downloads\jar_files\slf4j-api-1.7.2.jar;H:\Downloads\jar_files\webcam-capture-0.3.12.jar
Launcher Type: SUN_STANDARD

[Global flags]
     intx CICompilerCount                          = 3                                         {product} {ergonomic}
     uint ConcGCThreads                            = 1                                         {product} {ergonomic}
     uint G1ConcRefinementThreads                  = 4                                         {product} {ergonomic}
   size_t G1HeapRegionSize                         = 2097152                                   {product} {ergonomic}
    uintx GCDrainStackTargetSize                   = 64                                        {product} {ergonomic}
   size_t InitialHeapSize                          = 67108864                                  {product} {ergonomic}
   size_t MarkStackSize                            = 4194304                                   {product} {ergonomic}
   size_t MaxHeapSize                              = 4194304000                                {product} {command line}
   size_t MaxNewSize                               = 2516582400                                {product} {ergonomic}
   size_t MinHeapDeltaBytes                        = 2097152                                   {product} {ergonomic}
   size_t MinHeapSize                              = 8388608                                   {product} {ergonomic}
    uintx NonNMethodCodeHeapSize                   = 5832780                                {pd product} {ergonomic}
    uintx NonProfiledCodeHeapSize                  = 122912730                              {pd product} {ergonomic}
    uintx ProfiledCodeHeapSize                     = 122912730                              {pd product} {ergonomic}
    uintx ReservedCodeCacheSize                    = 251658240                              {pd product} {ergonomic}
     bool SegmentedCodeCache                       = true                                      {product} {ergonomic}
     bool ShowCodeDetailsInExceptionMessages       = true                                   {manageable} {command line}
   size_t SoftMaxHeapSize                          = 4194304000                             {manageable} {ergonomic}
     bool UseCompressedClassPointers               = true                           {product lp64_product} {ergonomic}
     bool UseCompressedOops                        = true                           {product lp64_product} {ergonomic}
     bool UseG1GC                                  = true                                      {product} {ergonomic}
     bool UseLargePagesIndividualAllocation        = false                                  {pd product} {ergonomic}

Logging:
Log output configuration:
 #0: stdout all=warning uptime,level,tags
 #1: stderr all=off uptime,level,tags

Environment Variables:
_JAVA_OPTIONS=-Djava.net.preferIPv4Stack=true
PATH=C:/Users/Muhammad/.p2/pool/plugins/org.eclipse.justj.openjdk.hotspot.jre.full.win32.x86_64_17.0.1.v20211116-1657/jre/bin/server;C:/Users/Muhammad/.p2/pool/plugins/org.eclipse.justj.openjdk.hotspot.jre.full.win32.x86_64_17.0.1.v20211116-1657/jre/bin;C:\Program Files (x86)\NVIDIA Corporation\PhysX\Common;C:\Windows\system32;C:\Windows;C:\Windows\System32\Wbem;C:\Windows\System32\WindowsPowerShell\v1.0\;C:\Windows\System32\OpenSSH\;C:\Users\Najam\AppData\Local\Microsoft\WindowsApps;C:\adb;H:\Saim Abbas\Softwares\;C:\Program Files (x86)\Windows Kits\8.1\Windows Performance Toolkit\;C:\Program Files\PuTTY\;C:\Users\Muhammad\AppData\Local\Microsoft\WindowsApps;C:\Users\Muhammad\AppData\Roaming\npm;C:\Windows\System32;
USERNAME=Muhammad
OS=Windows_NT
PROCESSOR_IDENTIFIER=Intel64 Family 6 Model 61 Stepping 4, GenuineIntel



---------------  S Y S T E M  ---------------

OS:
 Windows 10 , 64 bit Build 17134 (10.0.17134.1)
OS uptime: 8 days 12:40 hours

CPU: total 4 (initial active 4) (2 cores per cpu, 2 threads per core) family 6 model 61 stepping 4 microcode 0x25, cx8, cmov, fxsr, ht, mmx, 3dnowpref, sse, sse2, sse3, ssse3, sse4.1, sse4.2, popcnt, lzcnt, tsc, tscinvbit, avx, avx2, aes, erms, clmul, bmi1, bmi2, adx, fma, vzeroupper, clflush

Memory: 4k page, system-wide physical 4011M (257M free)
TotalPageFile size 6347M (AvailPageFile size 3M)
current process WorkingSet (physical memory assigned to process): 553M, peak: 553M
current process commit charge ("private bytes"): 624M, peak: 684M

vm_info: OpenJDK 64-Bit Server VM (17.0.1+12) for windows-amd64 JRE (17.0.1+12), built on Oct 20 2021 07:42:55 by "" with MS VC++ 16.7 (VS2019)

END.
